PRT1
344
949
4 0 3 (10732.799805 -3072 -271.788025 ) (10240 -3072 -271.788025 ) (10240 -3072 -5296.209961 ) (10732.799805 -3072 -5296.209961 ) 
4 0 1 (10240 -3072 -5296.209961 ) (10240 -3072 -271.788025 ) (10240 -2062.370117 -271.788025 ) (10240 -2062.370117 -5296.209961 ) 
4 1 6 (10240 -3072 -5296.209961 ) (10240 -3072 -271.788025 ) (9216 -3072 -271.788025 ) (9216 -3072 -5296.209961 ) 
4 1 2 (9216 -3072 -5296.209961 ) (9216 -3072 -271.788025 ) (9216 -2062.370117 -271.788025 ) (9216 -2062.370117 -5296.209961 ) 
4 2 17 (8192 -3072 -5296.209961 ) (8192 -3072 -271.788025 ) (8192 -2062.370117 -271.788025 ) (8192 -2062.370117 -5296.209961 ) 
4 2 7 (9216 -3072 -5296.209961 ) (9216 -3072 -271.788025 ) (8192 -3072 -271.788025 ) (8192 -3072 -5296.209961 ) 
4 3 6 (10240 -3072 -271.788025 ) (10240 -3072 -5296.209961 ) (10240 -4096 -5296.209961 ) (10240 -4096 -271.788025 ) 
4 3 4 (10732.799805 -4096 -271.788025 ) (10240 -4096 -271.788025 ) (10240 -4096 -5296.209961 ) (10732.799805 -4096 -5296.209961 ) 
4 4 8 (10240 -5120 -5296.209961 ) (10240 -5120 -271.788025 ) (10240 -4096 -271.788025 ) (10240 -4096 -5296.209961 ) 
4 4 5 (10240 -5120 -271.788025 ) (10240 -5120 -5296.209961 ) (10732.799805 -5120 -5296.209961 ) (10732.799805 -5120 -271.788025 ) 
4 5 59 (10732.799805 -6144 -271.788025 ) (10240 -6144 -271.788025 ) (10240 -6144 -5296.209961 ) (10732.799805 -6144 -5296.209961 ) 
4 5 13 (10240 -6144 -5296.209961 ) (10240 -6144 -271.788025 ) (10240 -5120 -271.788025 ) (10240 -5120 -5296.209961 ) 
4 6 8 (10240 -4096 -5296.209961 ) (10240 -4096 -271.788025 ) (9216 -4096 -271.788025 ) (9216 -4096 -5296.209961 ) 
4 6 7 (9216 -3072 -271.788025 ) (9216 -3072 -5296.209961 ) (9216 -4096 -5296.209961 ) (9216 -4096 -271.788025 ) 
4 7 21 (8192 -4096 -5296.209961 ) (8192 -4096 -271.788025 ) (8192 -3072 -271.788025 ) (8192 -3072 -5296.209961 ) 
4 7 12 (9216 -4096 -5296.209961 ) (9216 -4096 -3512 ) (8192 -4096 -3512 ) (8192 -4096 -5296.209961 ) 
4 7 10 (8968 -4096 -271.788025 ) (8192 -4096 -271.788025 ) (8192 -4096 -3512 ) (8968 -4096 -3512 ) 
4 7 9 (9216 -4096 -3512 ) (9216 -4096 -271.788025 ) (8968 -4096 -271.788025 ) (8968 -4096 -3512 ) 
4 8 13 (10240 -5120 -5296.209961 ) (10240 -5120 -271.788025 ) (9216 -5120 -271.788025 ) (9216 -5120 -5296.209961 ) 
4 8 12 (9216 -5120 -5296.209961 ) (9216 -5120 -3512 ) (9216 -4096 -3512 ) (9216 -4096 -5296.209961 ) 
4 8 9 (9216 -5120 -3512 ) (9216 -5120 -271.788025 ) (9216 -4096 -271.788025 ) (9216 -4096 -3512 ) 
4 9 14 (8968 -5120 -3512 ) (9216 -5120 -3512 ) (9216 -5120 -271.788025 ) (8968 -5120 -271.788025 ) 
4 9 12 (8968 -4096 -3512 ) (9216 -4096 -3512 ) (9216 -5120 -3512 ) (8968 -5120 -3512 ) 
4 9 11 (8968 -5120 -3176 ) (8968 -5120 -271.788025 ) (8968 -4864 -271.788025 ) (8968 -4864 -3176 ) 
4 9 10 (8968 -4096 -3512 ) (8968 -4864 -3512 ) (8968 -4864 -271.788025 ) (8968 -4096 -271.788025 ) 
4 10 23 (8192 -4864 -271.788025 ) (8192 -4096 -271.788025 ) (8192 -4096 -3512 ) (8192 -4864 -3512 ) 
4 10 12 (8192 -4096 -3512 ) (8968 -4096 -3512 ) (8968 -4864 -3512 ) (8192 -4864 -3512 ) 
4 10 11 (8968 -4864 -3176 ) (8968 -4864 -271.788025 ) (8192 -4864 -271.788025 ) (8192 -4864 -3176 ) 
4 11 24 (8192 -5120 -3176 ) (8192 -5120 -271.788025 ) (8192 -4864 -271.788025 ) (8192 -4864 -3176 ) 
4 11 15 (8192 -5120 -271.788025 ) (8192 -5120 -3176 ) (8968 -5120 -3176 ) (8968 -5120 -271.788025 ) 
4 12 25 (8192 -5120 -5296.209961 ) (8192 -5120 -3512 ) (8192 -4096 -3512 ) (8192 -4096 -5296.209961 ) 
4 12 16 (8192 -5120 -3512 ) (8192 -5120 -5296.209961 ) (9216 -5120 -5296.209961 ) (9216 -5120 -3512 ) 
4 13 62 (10240 -6144 -5296.209961 ) (10240 -6144 -271.788025 ) (9216 -6144 -271.788025 ) (9216 -6144 -5296.209961 ) 
4 13 16 (9216 -5120 -3512 ) (9216 -5120 -5296.209961 ) (9216 -6144 -5296.209961 ) (9216 -6144 -3512 ) 
4 13 14 (9216 -5120 -271.788025 ) (9216 -5120 -3512 ) (9216 -6144 -3512 ) (9216 -6144 -271.788025 ) 
4 14 64 (9216 -6144 -3512 ) (9216 -6144 -3176 ) (8968 -6144 -3176 ) (8968 -6144 -3512 ) 
4 14 63 (9216 -6144 -3176 ) (9216 -6144 -271.788025 ) (8968 -6144 -271.788025 ) (8968 -6144 -3176 ) 
4 14 16 (8968 -5120 -3512 ) (9216 -5120 -3512 ) (9216 -6144 -3512 ) (8968 -6144 -3512 ) 
4 14 15 (8968 -6144 -3176 ) (8968 -6144 -271.788025 ) (8968 -5120 -271.788025 ) (8968 -5120 -3176 ) 
4 15 63 (8968 -6144 -271.788025 ) (8192 -6144 -271.788025 ) (8192 -6144 -3176 ) (8968 -6144 -3176 ) 
4 15 29 (8192 -6144 -3176 ) (8192 -6144 -271.788025 ) (8192 -5120 -271.788025 ) (8192 -5120 -3176 ) 
4 16 66 (9216 -6144 -5296.209961 ) (9216 -6144 -3512 ) (8192 -6144 -3512 ) (8192 -6144 -5296.209961 ) 
4 16 30 (8192 -6144 -5296.209961 ) (8192 -6144 -3512 ) (8192 -5120 -3512 ) (8192 -5120 -5296.209961 ) 
4 17 21 (8192 -3072 -5296.209961 ) (8192 -3072 -271.788025 ) (7168 -3072 -271.788025 ) (7168 -3072 -5296.209961 ) 
4 17 18 (7168 -3072 -5296.209961 ) (7168 -3072 -271.788025 ) (7168 -2062.370117 -271.788025 ) (7168 -2062.370117 -5296.209961 ) 
4 18 22 (7168 -3072 -5296.209961 ) (7168 -3072 -271.788025 ) (6144 -3072 -271.788025 ) (6144 -3072 -5296.209961 ) 
4 18 19 (6144 -3072 -5296.209961 ) (6144 -3072 -271.788025 ) (6144 -2062.370117 -271.788025 ) (6144 -2062.370117 -5296.209961 ) 
4 19 33 (6144 -3072 -5296.209961 ) (6144 -3072 -271.788025 ) (5120 -3072 -271.788025 ) (5120 -3072 -5296.209961 ) 
4 19 20 (5120 -3072 -5296.209961 ) (5120 -3072 -271.788025 ) (5120 -2062.370117 -271.788025 ) (5120 -2062.370117 -5296.209961 ) 
4 20 194 (4096 -3072 -5296.209961 ) (4096 -3072 -271.788025 ) (4096 -2062.370117 -271.788025 ) (4096 -2062.370117 -5296.209961 ) 
4 20 34 (5120 -3072 -5296.209961 ) (5120 -3072 -271.788025 ) (4096 -3072 -271.788025 ) (4096 -3072 -5296.209961 ) 
4 21 25 (8192 -4096 -5296.209961 ) (8192 -4096 -3512 ) (7168 -4096 -3512 ) (7168 -4096 -5296.209961 ) 
4 21 23 (8192 -4096 -3512 ) (8192 -4096 -271.788025 ) (7168 -4096 -271.788025 ) (7168 -4096 -3512 ) 
4 21 22 (7168 -3072 -271.788025 ) (7168 -3072 -5296.209961 ) (7168 -4096 -5296.209961 ) (7168 -4096 -271.788025 ) 
4 22 33 (6144 -3072 -271.788025 ) (6144 -3072 -5296.209961 ) (6144 -4096 -5296.209961 ) (6144 -4096 -271.788025 ) 
4 22 28 (7168 -4096 -5296.209961 ) (7168 -4096 -3512 ) (6144 -4096 -3512 ) (6144 -4096 -5296.209961 ) 
4 22 26 (7168 -4096 -3512 ) (7168 -4096 -271.788025 ) (6144 -4096 -271.788025 ) (6144 -4096 -3512 ) 
4 23 26 (7168 -4864 -271.788025 ) (7168 -4096 -271.788025 ) (7168 -4096 -3512 ) (7168 -4864 -3512 ) 
4 23 25 (7168 -4864 -3512 ) (7168 -4096 -3512 ) (8192 -4096 -3512 ) (8192 -4864 -3512 ) 
4 23 24 (8192 -4864 -3176 ) (8192 -4864 -271.788025 ) (7168 -4864 -271.788025 ) (7168 -4864 -3176 ) 
4 24 29 (8192 -5120 -3176 ) (8192 -5120 -271.788025 ) (7168 -5120 -271.788025 ) (7168 -5120 -3176 ) 
4 24 27 (7168 -5120 -3176 ) (7168 -5120 -271.788025 ) (7168 -4864 -271.788025 ) (7168 -4864 -3176 ) 
4 25 30 (8192 -5120 -5296.209961 ) (8192 -5120 -3512 ) (7168 -5120 -3512 ) (7168 -5120 -5296.209961 ) 
4 25 28 (7168 -5120 -5296.209961 ) (7168 -5120 -3512 ) (7168 -4096 -3512 ) (7168 -4096 -5296.209961 ) 
4 26 40 (6144 -4096 -3176 ) (6144 -4096 -3512 ) (6144 -4864 -3512 ) (6144 -4864 -3176 ) 
4 26 36 (6144 -4096 -2456 ) (6144 -4096 -3176 ) (6144 -4864 -3176 ) (6144 -4864 -2456 ) 
4 26 35 (6144 -4864 -271.788025 ) (6144 -4096 -271.788025 ) (6144 -4096 -2456 ) (6144 -4864 -2456 ) 
4 26 28 (6144 -4096 -3512 ) (7168 -4096 -3512 ) (7168 -4864 -3512 ) (6144 -4864 -3512 ) 
4 26 27 (7168 -4864 -3176 ) (7168 -4864 -271.788025 ) (6144 -4864 -271.788025 ) (6144 -4864 -3176 ) 
4 27 36 (6144 -5120 -3176 ) (6144 -5120 -2456 ) (6144 -4864 -2456 ) (6144 -4864 -3176 ) 
4 27 35 (6144 -5120 -2456 ) (6144 -5120 -271.788025 ) (6144 -4864 -271.788025 ) (6144 -4864 -2456 ) 
4 27 31 (6144 -5120 -271.788025 ) (6144 -5120 -3176 ) (7168 -5120 -3176 ) (7168 -5120 -271.788025 ) 
4 28 41 (6144 -5120 -5296.209961 ) (6144 -5120 -3512 ) (6144 -4864 -3512 ) (6144 -4864 -5296.209961 ) 
4 28 40 (6144 -4864 -3512 ) (6144 -4096 -3512 ) (6144 -4096 -5296.209961 ) (6144 -4864 -5296.209961 ) 
4 28 32 (6144 -5120 -3512 ) (6144 -5120 -5296.209961 ) (7168 -5120 -5296.209961 ) (7168 -5120 -3512 ) 
4 29 94 (8192 -6144 -3176 ) (8192 -6144 -271.788025 ) (7168 -6144 -271.788025 ) (7168 -6144 -3176 ) 
4 29 31 (7168 -5120 -271.788025 ) (7168 -5120 -3176 ) (7168 -6144 -3176 ) (7168 -6144 -271.788025 ) 
4 30 96 (8192 -6144 -5296.209961 ) (8192 -6144 -3512 ) (7168 -6144 -3512 ) (7168 -6144 -5296.209961 ) 
4 30 32 (7168 -5120 -3512 ) (7168 -5120 -5296.209961 ) (7168 -6144 -5296.209961 ) (7168 -6144 -3512 ) 
4 31 106 (6152 -6144 -271.788025 ) (6144 -6144 -271.788025 ) (6144 -6144 -3176 ) (6152 -6144 -3176 ) 
4 31 100 (6712 -6144 -271.788025 ) (6152 -6144 -271.788025 ) (6152 -6144 -3176 ) (6712 -6144 -3176 ) 
4 31 97 (7168 -6144 -3176 ) (7168 -6144 -271.788025 ) (6712 -6144 -271.788025 ) (6712 -6144 -3176 ) 
4 31 47 (6144 -6144 -3176 ) (6144 -6144 -2456 ) (6144 -5120 -2456 ) (6144 -5120 -3176 ) 
4 31 46 (6144 -6144 -2456 ) (6144 -6144 -271.788025 ) (6144 -5120 -271.788025 ) (6144 -5120 -2456 ) 
4 32 107 (6152 -6144 -3512 ) (6144 -6144 -3512 ) (6144 -6144 -5296.209961 ) (6152 -6144 -5296.209961 ) 
4 32 101 (6712 -6144 -3512 ) (6152 -6144 -3512 ) (6152 -6144 -5296.209961 ) (6712 -6144 -5296.209961 ) 
4 32 99 (7168 -6144 -5296.209961 ) (7168 -6144 -3512 ) (6712 -6144 -3512 ) (6712 -6144 -5296.209961 ) 
4 32 51 (6144 -6144 -5296.209961 ) (6144 -6144 -3512 ) (6144 -5120 -3512 ) (6144 -5120 -5296.209961 ) 
4 33 40 (6144 -4096 -5296.209961 ) (6144 -4096 -3176 ) (5920 -4096 -3176 ) (5920 -4096 -5296.209961 ) 
4 33 42 (5920 -4096 -3176 ) (5120 -4096 -3176 ) (5120 -4096 -5296.209961 ) (5920 -4096 -5296.209961 ) 
4 33 39 (5120 -4096 -2536 ) (5120 -4096 -3176 ) (5152 -4096 -3176 ) (5152 -4096 -2536 ) 
4 33 38 (5152 -4096 -271.788025 ) (5120 -4096 -271.788025 ) (5120 -4096 -2536 ) (5152 -4096 -2536 ) 
4 33 37 (5920 -4096 -2456 ) (5152 -4096 -2456 ) (5152 -4096 -3176 ) (5920 -4096 -3176 ) 
4 33 36 (6144 -4096 -3176 ) (6144 -4096 -2456 ) (5920 -4096 -2456 ) (5920 -4096 -3176 ) 
4 33 35 (6144 -4096 -2456 ) (6144 -4096 -271.788025 ) (5152 -4096 -271.788025 ) (5152 -4096 -2456 ) 
4 33 34 (5120 -3072 -271.788025 ) (5120 -3072 -5296.209961 ) (5120 -4096 -5296.209961 ) (5120 -4096 -271.788025 ) 
4 34 198 (4096 -4096 -5296.209961 ) (4096 -4096 -271.788025 ) (4096 -3072 -271.788025 ) (4096 -3072 -5296.209961 ) 
4 34 45 (5120 -4096 -5296.209961 ) (5120 -4096 -3176 ) (4096 -4096 -3176 ) (4096 -4096 -5296.209961 ) 
4 34 43 (5120 -4096 -3176 ) (5120 -4096 -271.788025 ) (4096 -4096 -271.788025 ) (4096 -4096 -3176 ) 
4 35 46 (6144 -5120 -2456 ) (6144 -5120 -271.788025 ) (5152 -5120 -271.788025 ) (5152 -5120 -2456 ) 
4 35 38 (5152 -5120 -2456 ) (5152 -5120 -271.788025 ) (5152 -4096 -271.788025 ) (5152 -4096 -2456 ) 
4 35 37 (5152 -4864 -2456 ) (5152 -4096 -2456 ) (5920 -4096 -2456 ) (5920 -4864 -2456 ) 
4 35 36 (6144 -5120 -2456 ) (5920 -5120 -2456 ) (5920 -4096 -2456 ) (6144 -4096 -2456 ) 
4 36 47 (6144 -5120 -3176 ) (6144 -5120 -2456 ) (5920 -5120 -2456 ) (5920 -5120 -3176 ) 
4 36 40 (5920 -4864 -3176 ) (5920 -4096 -3176 ) (6144 -4096 -3176 ) (6144 -4864 -3176 ) 
4 36 37 (5920 -4096 -3176 ) (5920 -4864 -3176 ) (5920 -4864 -2456 ) (5920 -4096 -2456 ) 
4 37 42 (5152 -4864 -3176 ) (5152 -4096 -3176 ) (5920 -4096 -3176 ) (5920 -4864 -3176 ) 
4 37 39 (5152 -4096 -3176 ) (5152 -4864 -3176 ) (5152 -4864 -2536 ) (5152 -4096 -2536 ) 
4 37 38 (5152 -4864 -2536 ) (5152 -4864 -2456 ) (5152 -4096 -2456 ) (5152 -4096 -2536 ) 
4 38 49 (5120 -5120 -271.788025 ) (5120 -5120 -2536 ) (5152 -5120 -2536 ) (5152 -5120 -271.788025 ) 
4 38 44 (5120 -5120 -2536 ) (5120 -5120 -271.788025 ) (5120 -4864 -271.788025 ) (5120 -4864 -2536 ) 
4 38 43 (5120 -4864 -271.788025 ) (5120 -4096 -271.788025 ) (5120 -4096 -2536 ) (5120 -4864 -2536 ) 
4 38 39 (5120 -4096 -2536 ) (5152 -4096 -2536 ) (5152 -4864 -2536 ) (5120 -4864 -2536 ) 
4 39 43 (5120 -4864 -2536 ) (5120 -4096 -2536 ) (5120 -4096 -3176 ) (5120 -4864 -3176 ) 
4 39 42 (5120 -4864 -3176 ) (5120 -4096 -3176 ) (5152 -4096 -3176 ) (5152 -4864 -3176 ) 
4 40 41 (5920 -4864 -3512 ) (5920 -4864 -5296.209961 ) (6144 -4864 -5296.209961 ) (6144 -4864 -3512 ) 
4 40 42 (5920 -4096 -5296.209961 ) (5920 -4864 -5296.209961 ) (5920 -4864 -3176 ) (5920 -4096 -3176 ) 
4 41 51 (6144 -5120 -5296.209961 ) (6144 -5120 -3512 ) (5920 -5120 -3512 ) (5920 -5120 -5296.209961 ) 
4 41 42 (5920 -4864 -5296.209961 ) (5920 -5120 -5296.209961 ) (5920 -5120 -3512 ) (5920 -4864 -3512 ) 
4 42 52 (5920 -5120 -3176 ) (5120 -5120 -3176 ) (5120 -5120 -5296.209961 ) (5920 -5120 -5296.209961 ) 
4 42 45 (5120 -5120 -5296.209961 ) (5120 -5120 -3176 ) (5120 -4096 -3176 ) (5120 -4096 -5296.209961 ) 
4 43 200 (4096 -4864 -271.788025 ) (4096 -4096 -271.788025 ) (4096 -4096 -3176 ) (4096 -4864 -3176 ) 
4 43 45 (4096 -4096 -3176 ) (5120 -4096 -3176 ) (5120 -4864 -3176 ) (4096 -4864 -3176 ) 
4 43 44 (5120 -4864 -2536 ) (5120 -4864 -271.788025 ) (4096 -4864 -271.788025 ) (4096 -4864 -2536 ) 
4 44 201 (4096 -5120 -2536 ) (4096 -5120 -271.788025 ) (4096 -4864 -271.788025 ) (4096 -4864 -2536 ) 
4 44 53 (4096 -5120 -271.788025 ) (4096 -5120 -2536 ) (5120 -5120 -2536 ) (5120 -5120 -271.788025 ) 
4 45 203 (4096 -5120 -5296.209961 ) (4096 -5120 -3176 ) (4096 -4096 -3176 ) (4096 -4096 -5296.209961 ) 
4 45 58 (4096 -5120 -3176 ) (4096 -5120 -5296.209961 ) (5120 -5120 -5296.209961 ) (5120 -5120 -3176 ) 
4 46 136 (6144 -6144 -2456 ) (6144 -6144 -271.788025 ) (5920 -6144 -271.788025 ) (5920 -6144 -2456 ) 
4 46 138 (5920 -6144 -271.788025 ) (5152 -6144 -271.788025 ) (5152 -6144 -2456 ) (5920 -6144 -2456 ) 
4 46 49 (5152 -5120 -271.788025 ) (5152 -5120 -2456 ) (5152 -6144 -2456 ) (5152 -6144 -271.788025 ) 
4 46 48 (5920 -6144 -2456 ) (5152 -6144 -2456 ) (5152 -5888 -2456 ) (5920 -5888 -2456 ) 
4 46 47 (6144 -6144 -2456 ) (5920 -6144 -2456 ) (5920 -5120 -2456 ) (6144 -5120 -2456 ) 
4 47 136 (6144 -6144 -3176 ) (6144 -6144 -2456 ) (5920 -6144 -2456 ) (5920 -6144 -3176 ) 
4 47 48 (5920 -5888 -3176 ) (5920 -6144 -3176 ) (5920 -6144 -2456 ) (5920 -5888 -2456 ) 
4 48 138 (5920 -6144 -2456 ) (5152 -6144 -2456 ) (5152 -6144 -3176 ) (5920 -6144 -3176 ) 
4 48 52 (5920 -6144 -3176 ) (5152 -6144 -3176 ) (5152 -5888 -3176 ) (5920 -5888 -3176 ) 
4 48 50 (5152 -5888 -3176 ) (5152 -6144 -3176 ) (5152 -6144 -2536 ) (5152 -5888 -2536 ) 
4 48 49 (5152 -6144 -2536 ) (5152 -6144 -2456 ) (5152 -5888 -2456 ) (5152 -5888 -2536 ) 
4 49 138 (5120 -6144 -271.788025 ) (5120 -6144 -2536 ) (5152 -6144 -2536 ) (5152 -6144 -271.788025 ) 
4 49 54 (5120 -5888 -2536 ) (5120 -6144 -2536 ) (5120 -6144 -271.788025 ) (5120 -5888 -271.788025 ) 
4 49 53 (5120 -5120 -271.788025 ) (5120 -5120 -2536 ) (5120 -5888 -2536 ) (5120 -5888 -271.788025 ) 
4 49 50 (5152 -5888 -2536 ) (5152 -6144 -2536 ) (5120 -6144 -2536 ) (5120 -5888 -2536 ) 
4 50 138 (5120 -6144 -2536 ) (5120 -6144 -3176 ) (5152 -6144 -3176 ) (5152 -6144 -2536 ) 
4 50 55 (5120 -5888 -3176 ) (5120 -6144 -3176 ) (5120 -6144 -2856 ) (5120 -5888 -2856 ) 
4 50 54 (5120 -6144 -2856 ) (5120 -6144 -2536 ) (5120 -5888 -2536 ) (5120 -5888 -2856 ) 
4 50 52 (5152 -6144 -3176 ) (5120 -6144 -3176 ) (5120 -5888 -3176 ) (5152 -5888 -3176 ) 
4 51 139 (6144 -6144 -5296.209961 ) (6144 -6144 -3512 ) (5920 -6144 -3512 ) (5920 -6144 -5296.209961 ) 
4 51 52 (5920 -5120 -5296.209961 ) (5920 -6144 -5296.209961 ) (5920 -6144 -3512 ) (5920 -5120 -3512 ) 
4 52 139 (5120 -6144 -3512 ) (5120 -6144 -5296.209961 ) (5920 -6144 -5296.209961 ) (5920 -6144 -3512 ) 
4 52 138 (5920 -6144 -3176 ) (5120 -6144 -3176 ) (5120 -6144 -3512 ) (5920 -6144 -3512 ) 
4 52 58 (5120 -5120 -3176 ) (5120 -5120 -5296.209961 ) (5120 -6144 -5296.209961 ) (5120 -6144 -3176 ) 
4 53 205 (4096 -5120 -271.788025 ) (4096 -5120 -2536 ) (4096 -5888 -2536 ) (4096 -5888 -271.788025 ) 
4 53 54 (5120 -5888 -2536 ) (5120 -5888 -271.788025 ) (4096 -5888 -271.788025 ) (4096 -5888 -2536 ) 
4 54 208 (4096 -6144 -2856 ) (4096 -6144 -2536 ) (4096 -5888 -2536 ) (4096 -5888 -2856 ) 
4 54 205 (4096 -6144 -2536 ) (4096 -6144 -271.788025 ) (4096 -5888 -271.788025 ) (4096 -5888 -2536 ) 
4 54 140 (5120 -6144 -2856 ) (5120 -6144 -271.788025 ) (4096 -6144 -271.788025 ) (4096 -6144 -2856 ) 
4 54 55 (4960 -5888 -2856 ) (5120 -5888 -2856 ) (5120 -6144 -2856 ) (4960 -6144 -2856 ) 
4 54 57 (4096 -6144 -2856 ) (4096 -5888 -2856 ) (4640 -5888 -2856 ) (4640 -6144 -2856 ) 
4 55 146 (5120 -6144 -3176 ) (5120 -6144 -2896 ) (4960 -6144 -2896 ) (4960 -6144 -3176 ) 
4 55 141 (5120 -6144 -2896 ) (5120 -6144 -2856 ) (4960 -6144 -2856 ) (4960 -6144 -2896 ) 
4 55 58 (4960 -5888 -3176 ) (5120 -5888 -3176 ) (5120 -6144 -3176 ) (4960 -6144 -3176 ) 
4 55 56 (4960 -5888 -2872 ) (4960 -5888 -3176 ) (4960 -6144 -3176 ) (4960 -6144 -2872 ) 
4 56 146 (4640 -6144 -2896 ) (4640 -6144 -3176 ) (4960 -6144 -3176 ) (4960 -6144 -2896 ) 
4 56 142 (4640 -6144 -2872 ) (4640 -6144 -2896 ) (4960 -6144 -2896 ) (4960 -6144 -2872 ) 
4 56 58 (4640 -5888 -3176 ) (4960 -5888 -3176 ) (4960 -6144 -3176 ) (4640 -6144 -3176 ) 
4 56 57 (4640 -5888 -2872 ) (4640 -5888 -3176 ) (4640 -6144 -3176 ) (4640 -6144 -2872 ) 
4 57 209 (4096 -6144 -3176 ) (4096 -6144 -2872 ) (4096 -5888 -2872 ) (4096 -5888 -3176 ) 
4 57 208 (4096 -6144 -2872 ) (4096 -6144 -2856 ) (4096 -5888 -2856 ) (4096 -5888 -2872 ) 
4 57 146 (4096 -6144 -2896 ) (4096 -6144 -3176 ) (4640 -6144 -3176 ) (4640 -6144 -2896 ) 
4 57 143 (4640 -6144 -2856 ) (4096 -6144 -2856 ) (4096 -6144 -2896 ) (4640 -6144 -2896 ) 
4 57 58 (4096 -6144 -3176 ) (4096 -5888 -3176 ) (4640 -5888 -3176 ) (4640 -6144 -3176 ) 
4 58 209 (4096 -6144 -5296.209961 ) (4096 -6144 -3176 ) (4096 -5888 -3176 ) (4096 -5888 -5296.209961 ) 
4 58 207 (4096 -5888 -3176 ) (4096 -5120 -3176 ) (4096 -5120 -5296.209961 ) (4096 -5888 -5296.209961 ) 
4 58 146 (5120 -6144 -5296.209961 ) (5120 -6144 -3176 ) (4096 -6144 -3176 ) (4096 -6144 -5296.209961 ) 
4 59 62 (10240 -6144 -271.788025 ) (10240 -6144 -5296.209961 ) (10240 -7168 -5296.209961 ) (10240 -7168 -271.788025 ) 
4 59 60 (10732.799805 -7168 -271.788025 ) (10240 -7168 -271.788025 ) (10240 -7168 -5296.209961 ) (10732.799805 -7168 -5296.209961 ) 
4 60 67 (10240 -8192 -5296.209961 ) (10240 -8192 -271.788025 ) (10240 -7168 -271.788025 ) (10240 -7168 -5296.209961 ) 
4 60 61 (10240 -8192 -271.788025 ) (10240 -8192 -5296.209961 ) (10732.799805 -8192 -5296.209961 ) (10732.799805 -8192 -271.788025 ) 
4 61 78 (10732.799805 -9216 -271.788025 ) (10240 -9216 -271.788025 ) (10240 -9216 -5296.209961 ) (10732.799805 -9216 -5296.209961 ) 
4 61 74 (10240 -9216 -5296.209961 ) (10240 -9216 -271.788025 ) (10240 -8192 -271.788025 ) (10240 -8192 -5296.209961 ) 
4 62 67 (10240 -7168 -5296.209961 ) (10240 -7168 -271.788025 ) (9216 -7168 -271.788025 ) (9216 -7168 -5296.209961 ) 
4 62 66 (9216 -6144 -3512 ) (9216 -6144 -5296.209961 ) (9216 -7168 -5296.209961 ) (9216 -7168 -3512 ) 
4 62 65 (9216 -6600 -3512 ) (9216 -7168 -3512 ) (9216 -7168 -3176 ) (9216 -6600 -3176 ) 
4 62 64 (9216 -6144 -3176 ) (9216 -6144 -3512 ) (9216 -6600 -3512 ) (9216 -6600 -3176 ) 
4 62 63 (9216 -6144 -271.788025 ) (9216 -6144 -3176 ) (9216 -7168 -3176 ) (9216 -7168 -271.788025 ) 
4 63 94 (8192 -6144 -271.788025 ) (8192 -6144 -3176 ) (8192 -7168 -3176 ) (8192 -7168 -271.788025 ) 
4 63 69 (8968 -7168 -271.788025 ) (8192 -7168 -271.788025 ) (8192 -7168 -3176 ) (8968 -7168 -3176 ) 
4 63 68 (9216 -7168 -3176 ) (9216 -7168 -271.788025 ) (8968 -7168 -271.788025 ) (8968 -7168 -3176 ) 
4 63 65 (9216 -7168 -3176 ) (8968 -7168 -3176 ) (8968 -6600 -3176 ) (9216 -6600 -3176 ) 
4 63 64 (8968 -6144 -3176 ) (9216 -6144 -3176 ) (9216 -6600 -3176 ) (8968 -6600 -3176 ) 
4 64 66 (8968 -6144 -3512 ) (9216 -6144 -3512 ) (9216 -6600 -3512 ) (8968 -6600 -3512 ) 
4 64 65 (8968 -6600 -3512 ) (9216 -6600 -3512 ) (9216 -6600 -3176 ) (8968 -6600 -3176 ) 
4 65 68 (9216 -7168 -3512 ) (9216 -7168 -3176 ) (8968 -7168 -3176 ) (8968 -7168 -3512 ) 
4 65 66 (9216 -6600 -3512 ) (9216 -7168 -3512 ) (8968 -7168 -3512 ) (8968 -6600 -3512 ) 
4 66 96 (8192 -6144 -3512 ) (8192 -6144 -5296.209961 ) (8192 -7168 -5296.209961 ) (8192 -7168 -3512 ) 
4 66 72 (8744 -7168 -3512 ) (8192 -7168 -3512 ) (8192 -7168 -5296.209961 ) (8744 -7168 -5296.209961 ) 
4 66 71 (9216 -7168 -5296.209961 ) (9216 -7168 -3512 ) (8744 -7168 -3512 ) (8744 -7168 -5296.209961 ) 
4 67 74 (10240 -8192 -5296.209961 ) (10240 -8192 -271.788025 ) (9216 -8192 -271.788025 ) (9216 -8192 -5296.209961 ) 
4 67 71 (9216 -8192 -5296.209961 ) (9216 -8192 -3512 ) (9216 -7168 -3512 ) (9216 -7168 -5296.209961 ) 
4 67 68 (9216 -8192 -3512 ) (9216 -8192 -271.788025 ) (9216 -7168 -271.788025 ) (9216 -7168 -3512 ) 
4 68 75 (8968 -8192 -3512 ) (9216 -8192 -3512 ) (9216 -8192 -271.788025 ) (8968 -8192 -271.788025 ) 
4 68 71 (8968 -7168 -3512 ) (9216 -7168 -3512 ) (9216 -8192 -3512 ) (8968 -8192 -3512 ) 
4 68 69 (8968 -7608 -3176 ) (8968 -7608 -271.788025 ) (8968 -7168 -271.788025 ) (8968 -7168 -3176 ) 
4 68 70 (8968 -7608 -3512 ) (8968 -8192 -3512 ) (8968 -8192 -271.788025 ) (8968 -7608 -271.788025 ) 
4 69 109 (8192 -7608 -271.788025 ) (8192 -7168 -271.788025 ) (8192 -7168 -3176 ) (8192 -7608 -3176 ) 
4 69 70 (8968 -7608 -3176 ) (8968 -7608 -271.788025 ) (8192 -7608 -271.788025 ) (8192 -7608 -3176 ) 
4 70 110 (8192 -8192 -3512 ) (8192 -8192 -271.788025 ) (8192 -7608 -271.788025 ) (8192 -7608 -3512 ) 
4 70 76 (8192 -8192 -271.788025 ) (8192 -8192 -3512 ) (8744 -8192 -3512 ) (8744 -8192 -271.788025 ) 
4 70 75 (8744 -8192 -3512 ) (8968 -8192 -3512 ) (8968 -8192 -271.788025 ) (8744 -8192 -271.788025 ) 
4 70 72 (8192 -7609 -3512 ) (8192 -7608 -3512 ) (8744 -7608 -3512 ) (8744 -7609 -3512 ) 
4 70 71 (8968 -7608 -3512 ) (8968 -8192 -3512 ) (8744 -8192 -3512 ) (8744 -7608 -3512 ) 
4 71 77 (8744 -8192 -5296.209961 ) (9216 -8192 -5296.209961 ) (9216 -8192 -5080 ) (8744 -8192 -5080 ) 
4 71 75 (9216 -8192 -5080 ) (9216 -8192 -3512 ) (8744 -8192 -3512 ) (8744 -8192 -5080 ) 
4 71 73 (8744 -7609 -5296.209961 ) (8744 -8192 -5296.209961 ) (8744 -8192 -5080 ) (8744 -7609 -5080 ) 
4 71 72 (8744 -7168 -5296.209961 ) (8744 -7609 -5296.209961 ) (8744 -7609 -3512 ) (8744 -7168 -3512 ) 
4 72 115 (8192 -7168 -5080 ) (8192 -7168 -5296.209961 ) (8192 -7609 -5296.209961 ) (8192 -7609 -5080 ) 
4 72 112 (8192 -7609 -3512 ) (8192 -7168 -3512 ) (8192 -7168 -5080 ) (8192 -7609 -5080 ) 
4 72 73 (8192 -7609 -5296.209961 ) (8744 -7609 -5296.209961 ) (8744 -7609 -5080 ) (8192 -7609 -5080 ) 
4 73 115 (8192 -8192 -5296.209961 ) (8192 -8192 -5080 ) (8192 -7609 -5080 ) (8192 -7609 -5296.209961 ) 
4 73 77 (8192 -8192 -5080 ) (8192 -8192 -5296.209961 ) (8744 -8192 -5296.209961 ) (8744 -8192 -5080 ) 
4 74 80 (10240 -9216 -5296.209961 ) (10240 -9216 -271.788025 ) (9216 -9216 -271.788025 ) (9216 -9216 -5296.209961 ) 
4 74 77 (9216 -8192 -5080 ) (9216 -8192 -5296.209961 ) (9216 -9216 -5296.209961 ) (9216 -9216 -5080 ) 
4 74 75 (9216 -8192 -271.788025 ) (9216 -8192 -5080 ) (9216 -9216 -5080 ) (9216 -9216 -271.788025 ) 
4 75 81 (9216 -9216 -5080 ) (9216 -9216 -271.788025 ) (8744 -9216 -271.788025 ) (8744 -9216 -5080 ) 
4 75 77 (8744 -8192 -5080 ) (9216 -8192 -5080 ) (9216 -9216 -5080 ) (8744 -9216 -5080 ) 
4 75 76 (8744 -9216 -3512 ) (8744 -9216 -271.788025 ) (8744 -8192 -271.788025 ) (8744 -8192 -3512 ) 
4 76 130 (8192 -9216 -3512 ) (8192 -9216 -271.788025 ) (8192 -8192 -271.788025 ) (8192 -8192 -3512 ) 
4 76 82 (8744 -9216 -271.788025 ) (8192 -9216 -271.788025 ) (8192 -9216 -3512 ) (8744 -9216 -3512 ) 
4 77 132 (8192 -9216 -5296.209961 ) (8192 -9216 -5080 ) (8192 -8192 -5080 ) (8192 -8192 -5296.209961 ) 
4 77 83 (9216 -9216 -5296.209961 ) (9216 -9216 -5080 ) (8192 -9216 -5080 ) (8192 -9216 -5296.209961 ) 
4 78 80 (10240 -10240 -5296.209961 ) (10240 -10240 -271.788025 ) (10240 -9216 -271.788025 ) (10240 -9216 -5296.209961 ) 
4 78 79 (10732.799805 -10240 -271.788025 ) (10240 -10240 -271.788025 ) (10240 -10240 -5296.209961 ) (10732.799805 -10240 -5296.209961 ) 
4 79 88 (10732.799805 -11264 -271.788025 ) (10240 -11264 -271.788025 ) (10240 -11264 -5296.209961 ) (10732.799805 -11264 -5296.209961 ) 
4 79 84 (10240 -11264 -5296.209961 ) (10240 -11264 -271.788025 ) (10240 -10240 -271.788025 ) (10240 -10240 -5296.209961 ) 
4 80 84 (10240 -10240 -5296.209961 ) (10240 -10240 -271.788025 ) (9216 -10240 -271.788025 ) (9216 -10240 -5296.209961 ) 
4 80 83 (9216 -10240 -5296.209961 ) (9216 -10240 -5080 ) (9216 -9216 -5080 ) (9216 -9216 -5296.209961 ) 
4 80 81 (9216 -10240 -5080 ) (9216 -10240 -271.788025 ) (9216 -9216 -271.788025 ) (9216 -9216 -5080 ) 
4 81 85 (8744 -10240 -5080 ) (9216 -10240 -5080 ) (9216 -10240 -271.788025 ) (8744 -10240 -271.788025 ) 
4 81 83 (8744 -9216 -5080 ) (9216 -9216 -5080 ) (9216 -10240 -5080 ) (8744 -10240 -5080 ) 
4 81 82 (8744 -10240 -3512 ) (8744 -10240 -271.788025 ) (8744 -9216 -271.788025 ) (8744 -9216 -3512 ) 
4 82 159 (8192 -10240 -3512 ) (8192 -10240 -271.788025 ) (8192 -9216 -271.788025 ) (8192 -9216 -3512 ) 
4 82 86 (8192 -10240 -271.788025 ) (8192 -10240 -3512 ) (8744 -10240 -3512 ) (8744 -10240 -271.788025 ) 
4 83 161 (8192 -10240 -5296.209961 ) (8192 -10240 -5080 ) (8192 -9216 -5080 ) (8192 -9216 -5296.209961 ) 
4 83 87 (8192 -10240 -5080 ) (8192 -10240 -5296.209961 ) (9216 -10240 -5296.209961 ) (9216 -10240 -5080 ) 
4 84 89 (10240 -11264 -5296.209961 ) (10240 -11264 -271.788025 ) (9216 -11264 -271.788025 ) (9216 -11264 -5296.209961 ) 
4 84 87 (9216 -10240 -5080 ) (9216 -10240 -5296.209961 ) (9216 -11264 -5296.209961 ) (9216 -11264 -5080 ) 
4 84 85 (9216 -10240 -271.788025 ) (9216 -10240 -5080 ) (9216 -11264 -5080 ) (9216 -11264 -271.788025 ) 
4 85 90 (8744 -11264 -5080 ) (9216 -11264 -5080 ) (9216 -11264 -271.788025 ) (8744 -11264 -271.788025 ) 
4 85 87 (9216 -10240 -5080 ) (9216 -11264 -5080 ) (8744 -11264 -5080 ) (8744 -10240 -5080 ) 
4 85 86 (8744 -11264 -3512 ) (8744 -11264 -271.788025 ) (8744 -10240 -271.788025 ) (8744 -10240 -3512 ) 
4 86 165 (8192 -11264 -3512 ) (8192 -11264 -271.788025 ) (8192 -10240 -271.788025 ) (8192 -10240 -3512 ) 
4 86 91 (8192 -11264 -271.788025 ) (8192 -11264 -3512 ) (8744 -11264 -3512 ) (8744 -11264 -271.788025 ) 
4 87 168 (8192 -11264 -5296.209961 ) (8192 -11264 -5080 ) (8192 -10240 -5080 ) (8192 -10240 -5296.209961 ) 
4 87 92 (8192 -11264 -5080 ) (8192 -11264 -5296.209961 ) (8744 -11264 -5296.209961 ) (8744 -11264 -5080 ) 
4 87 90 (8744 -11264 -5296.209961 ) (9216 -11264 -5296.209961 ) (9216 -11264 -5080 ) (8744 -11264 -5080 ) 
4 88 89 (10240 -11264 -271.788025 ) (10240 -11264 -5296.209961 ) (10240 -11921.599609 -5296.209961 ) (10240 -11921.599609 -271.788025 ) 
4 89 93 (9216 -11568 -5296.209961 ) (9216 -11921.599609 -5296.209961 ) (9216 -11921.599609 -271.788025 ) (9216 -11568 -271.788025 ) 
4 89 90 (9216 -11264 -271.788025 ) (9216 -11264 -5296.209961 ) (9216 -11568 -5296.209961 ) (9216 -11568 -271.788025 ) 
4 90 93 (8744 -11568 -5296.209961 ) (9216 -11568 -5296.209961 ) (9216 -11568 -271.788025 ) (8744 -11568 -271.788025 ) 
4 90 91 (8744 -11568 -3512 ) (8744 -11568 -271.788025 ) (8744 -11264 -271.788025 ) (8744 -11264 -3512 ) 
4 90 92 (8744 -11264 -5296.209961 ) (8744 -11568 -5296.209961 ) (8744 -11568 -5080 ) (8744 -11264 -5080 ) 
4 91 181 (8192 -11568 -271.788025 ) (8192 -11264 -271.788025 ) (8192 -11264 -3512 ) (8192 -11568 -3512 ) 
4 91 93 (8744 -11568 -3512 ) (8744 -11568 -271.788025 ) (8192 -11568 -271.788025 ) (8192 -11568 -3512 ) 
4 92 183 (8192 -11264 -5080 ) (8192 -11264 -5296.209961 ) (8192 -11568 -5296.209961 ) (8192 -11568 -5080 ) 
4 92 93 (8192 -11568 -5296.209961 ) (8744 -11568 -5296.209961 ) (8744 -11568 -5080 ) (8192 -11568 -5080 ) 
4 93 184 (8192 -11921.599609 -271.788025 ) (8192 -11568 -271.788025 ) (8192 -11568 -5296.209961 ) (8192 -11921.599609 -5296.209961 ) 
4 94 109 (8192 -7168 -3176 ) (8192 -7168 -271.788025 ) (7624 -7168 -271.788025 ) (7624 -7168 -3176 ) 
4 94 111 (7624 -7168 -271.788025 ) (7168 -7168 -271.788025 ) (7168 -7168 -3176 ) (7624 -7168 -3176 ) 
4 94 97 (7168 -6144 -271.788025 ) (7168 -6144 -3176 ) (7168 -6600 -3176 ) (7168 -6600 -271.788025 ) 
4 94 98 (7168 -6600 -3176 ) (7168 -7168 -3176 ) (7168 -7168 -271.788025 ) (7168 -6600 -271.788025 ) 
4 94 95 (7168 -7168 -3176 ) (7168 -6600 -3176 ) (7624 -6600 -3176 ) (7624 -7168 -3176 ) 
4 95 111 (7624 -7168 -3176 ) (7168 -7168 -3176 ) (7168 -7168 -3512 ) (7624 -7168 -3512 ) 
4 95 98 (7168 -6600 -3512 ) (7168 -7168 -3512 ) (7168 -7168 -3176 ) (7168 -6600 -3176 ) 
4 95 96 (7624 -7168 -3512 ) (7168 -7168 -3512 ) (7168 -6600 -3512 ) (7624 -6600 -3512 ) 
4 96 115 (8192 -7168 -5296.209961 ) (8192 -7168 -5080 ) (7168 -7168 -5080 ) (7168 -7168 -5296.209961 ) 
4 96 113 (7864 -7168 -3512 ) (7464 -7168 -3512 ) (7464 -7168 -5080 ) (7864 -7168 -5080 ) 
4 96 114 (7464 -7168 -3512 ) (7168 -7168 -3512 ) (7168 -7168 -5080 ) (7464 -7168 -5080 ) 
4 96 112 (8192 -7168 -5080 ) (8192 -7168 -3512 ) (7864 -7168 -3512 ) (7864 -7168 -5080 ) 
4 96 99 (7168 -6144 -3512 ) (7168 -6144 -5296.209961 ) (7168 -7168 -5296.209961 ) (7168 -7168 -3512 ) 
4 97 100 (6712 -6144 -271.788025 ) (6712 -6144 -3176 ) (6712 -6600 -3176 ) (6712 -6600 -271.788025 ) 
4 97 98 (7168 -6600 -3176 ) (7168 -6600 -271.788025 ) (6712 -6600 -271.788025 ) (6712 -6600 -3176 ) 
4 98 117 (7104 -7168 -271.788025 ) (6712 -7168 -271.788025 ) (6712 -7168 -3512 ) (7104 -7168 -3512 ) 
4 98 116 (7168 -7168 -3512 ) (7168 -7168 -271.788025 ) (7104 -7168 -271.788025 ) (7104 -7168 -3512 ) 
4 98 105 (6712 -6824 -3512 ) (6712 -7168 -3512 ) (6712 -7168 -3208 ) (6712 -6824 -3208 ) 
4 98 103 (6712 -7168 -3176 ) (6712 -7168 -271.788025 ) (6712 -6824 -271.788025 ) (6712 -6824 -3176 ) 
4 98 104 (6712 -7168 -3208 ) (6712 -7168 -3176 ) (6712 -6824 -3176 ) (6712 -6824 -3208 ) 
4 98 102 (6712 -6600 -3512 ) (6712 -6824 -3512 ) (6712 -6824 -3176 ) (6712 -6600 -3176 ) 
4 98 100 (6712 -6824 -3176 ) (6712 -6824 -271.788025 ) (6712 -6600 -271.788025 ) (6712 -6600 -3176 ) 
4 98 99 (6712 -7168 -3512 ) (6712 -6600 -3512 ) (7168 -6600 -3512 ) (7168 -7168 -3512 ) 
4 99 119 (7168 -7168 -5296.209961 ) (7168 -7168 -5080 ) (6712 -7168 -5080 ) (6712 -7168 -5296.209961 ) 
4 99 117 (7104 -7168 -3512 ) (6712 -7168 -3512 ) (6712 -7168 -5080 ) (7104 -7168 -5080 ) 
4 99 116 (7168 -7168 -5080 ) (7168 -7168 -3512 ) (7104 -7168 -3512 ) (7104 -7168 -5080 ) 
4 99 105 (6712 -6824 -5296.209961 ) (6712 -7168 -5296.209961 ) (6712 -7168 -3512 ) (6712 -6824 -3512 ) 
4 99 101 (6712 -6144 -3512 ) (6712 -6144 -5296.209961 ) (6712 -6600 -5296.209961 ) (6712 -6600 -3512 ) 
4 99 102 (6712 -6600 -5296.209961 ) (6712 -6824 -5296.209961 ) (6712 -6824 -3512 ) (6712 -6600 -3512 ) 
4 100 106 (6152 -6824 -3176 ) (6152 -6824 -271.788025 ) (6152 -6144 -271.788025 ) (6152 -6144 -3176 ) 
4 100 103 (6152 -6824 -271.788025 ) (6152 -6824 -3176 ) (6712 -6824 -3176 ) (6712 -6824 -271.788025 ) 
4 100 102 (6712 -6824 -3176 ) (6152 -6824 -3176 ) (6152 -6600 -3176 ) (6712 -6600 -3176 ) 
4 101 107 (6152 -6144 -3512 ) (6152 -6144 -5296.209961 ) (6152 -6600 -5296.209961 ) (6152 -6600 -3512 ) 
4 101 102 (6152 -6600 -5296.209961 ) (6712 -6600 -5296.209961 ) (6712 -6600 -3512 ) (6152 -6600 -3512 ) 
4 102 108 (6152 -6824 -5296.209961 ) (6152 -6824 -3176 ) (6152 -6600 -3176 ) (6152 -6600 -5296.209961 ) 
4 102 105 (6152 -6824 -3208 ) (6152 -6824 -5296.209961 ) (6712 -6824 -5296.209961 ) (6712 -6824 -3208 ) 
4 102 104 (6152 -6824 -3176 ) (6152 -6824 -3208 ) (6712 -6824 -3208 ) (6712 -6824 -3176 ) 
4 103 120 (6712 -7168 -3176 ) (6712 -7168 -271.788025 ) (6152 -7168 -271.788025 ) (6152 -7168 -3176 ) 
4 103 106 (6152 -7168 -3176 ) (6152 -7168 -271.788025 ) (6152 -6824 -271.788025 ) (6152 -6824 -3176 ) 
4 103 104 (6152 -7168 -3176 ) (6152 -6824 -3176 ) (6712 -6824 -3176 ) (6712 -7168 -3176 ) 
4 104 121 (6712 -7168 -3208 ) (6712 -7168 -3176 ) (6152 -7168 -3176 ) (6152 -7168 -3208 ) 
4 104 108 (6152 -7168 -3208 ) (6152 -7168 -3176 ) (6152 -6824 -3176 ) (6152 -6824 -3208 ) 
4 104 105 (6152 -7168 -3208 ) (6152 -6824 -3208 ) (6712 -6824 -3208 ) (6712 -7168 -3208 ) 
4 105 122 (6712 -7168 -5296.209961 ) (6712 -7168 -3208 ) (6152 -7168 -3208 ) (6152 -7168 -5296.209961 ) 
4 105 108 (6152 -7168 -5296.209961 ) (6152 -7168 -3208 ) (6152 -6824 -3208 ) (6152 -6824 -5296.209961 ) 
4 106 136 (6144 -6144 -271.788025 ) (6144 -6144 -3176 ) (6144 -6600 -3176 ) (6144 -6600 -271.788025 ) 
4 106 137 (6144 -6600 -3176 ) (6144 -7168 -3176 ) (6144 -7168 -271.788025 ) (6144 -6600 -271.788025 ) 
4 106 127 (6152 -7168 -3176 ) (6152 -7168 -271.788025 ) (6144 -7168 -271.788025 ) (6144 -7168 -3176 ) 
4 106 108 (6152 -6600 -3176 ) (6152 -7168 -3176 ) (6144 -7168 -3176 ) (6144 -6600 -3176 ) 
4 107 139 (6144 -6144 -3512 ) (6144 -6144 -5296.209961 ) (6144 -6600 -5296.209961 ) (6144 -6600 -3512 ) 
4 107 108 (6144 -6600 -5296.209961 ) (6152 -6600 -5296.209961 ) (6152 -6600 -3512 ) (6144 -6600 -3512 ) 
4 108 139 (6144 -6600 -5296.209961 ) (6144 -7168 -5296.209961 ) (6144 -7168 -3512 ) (6144 -6600 -3512 ) 
4 108 137 (6144 -7168 -3512 ) (6144 -7168 -3176 ) (6144 -6600 -3176 ) (6144 -6600 -3512 ) 
4 108 128 (6152 -7168 -5296.209961 ) (6152 -7168 -3512 ) (6144 -7168 -3512 ) (6144 -7168 -5296.209961 ) 
4 108 127 (6152 -7168 -3512 ) (6152 -7168 -3176 ) (6144 -7168 -3176 ) (6144 -7168 -3512 ) 
4 109 110 (7624 -7608 -271.788025 ) (7624 -7608 -3176 ) (8192 -7608 -3176 ) (8192 -7608 -271.788025 ) 
4 109 111 (7624 -7608 -3176 ) (7624 -7608 -271.788025 ) (7624 -7168 -271.788025 ) (7624 -7168 -3176 ) 
4 110 130 (8192 -8192 -3512 ) (8192 -8192 -271.788025 ) (7624 -8192 -271.788025 ) (7624 -8192 -3512 ) 
4 110 112 (7864 -7609 -3512 ) (7864 -7608 -3512 ) (8192 -7608 -3512 ) (8192 -7609 -3512 ) 
4 110 111 (7624 -7608 -3512 ) (7624 -8192 -3512 ) (7624 -8192 -271.788025 ) (7624 -7608 -271.788025 ) 
4 111 130 (7624 -8192 -271.788025 ) (7168 -8192 -271.788025 ) (7168 -8192 -3512 ) (7624 -8192 -3512 ) 
4 111 116 (7168 -8192 -3512 ) (7168 -8192 -271.788025 ) (7168 -7168 -271.788025 ) (7168 -7168 -3512 ) 
4 111 113 (7464 -7608 -3512 ) (7464 -7168 -3512 ) (7624 -7168 -3512 ) (7624 -7608 -3512 ) 
4 111 114 (7464 -8192 -3512 ) (7168 -8192 -3512 ) (7168 -7168 -3512 ) (7464 -7168 -3512 ) 
4 112 115 (7864 -7168 -5080 ) (8192 -7168 -5080 ) (8192 -7609 -5080 ) (7864 -7609 -5080 ) 
4 112 113 (7864 -7168 -5080 ) (7864 -7608 -5080 ) (7864 -7608 -3512 ) (7864 -7168 -3512 ) 
4 113 115 (7464 -7168 -5080 ) (7864 -7168 -5080 ) (7864 -7608 -5080 ) (7464 -7608 -5080 ) 
4 113 114 (7464 -7168 -5080 ) (7464 -7608 -5080 ) (7464 -7608 -3512 ) (7464 -7168 -3512 ) 
4 114 131 (7464 -8192 -3512 ) (7168 -8192 -3512 ) (7168 -8192 -5080 ) (7464 -8192 -5080 ) 
4 114 116 (7168 -8192 -5080 ) (7168 -8192 -3512 ) (7168 -7168 -3512 ) (7168 -7168 -5080 ) 
4 114 115 (7168 -8192 -5080 ) (7168 -7168 -5080 ) (7464 -7168 -5080 ) (7464 -8192 -5080 ) 
4 115 132 (8192 -8192 -5296.209961 ) (8192 -8192 -5080 ) (7168 -8192 -5080 ) (7168 -8192 -5296.209961 ) 
4 115 119 (7168 -8192 -5296.209961 ) (7168 -8192 -5080 ) (7168 -7168 -5080 ) (7168 -7168 -5296.209961 ) 
4 116 134 (7168 -8192 -5080 ) (7168 -8192 -3512 ) (7104 -8192 -3512 ) (7104 -8192 -5080 ) 
4 116 133 (7168 -8192 -3512 ) (7168 -8192 -271.788025 ) (7104 -8192 -271.788025 ) (7104 -8192 -3512 ) 
4 116 119 (7104 -7168 -5080 ) (7168 -7168 -5080 ) (7168 -8192 -5080 ) (7104 -8192 -5080 ) 
4 116 118 (7104 -8192 -3512 ) (7104 -8192 -271.788025 ) (7104 -7608 -271.788025 ) (7104 -7608 -3512 ) 
4 116 117 (7104 -7168 -5080 ) (7104 -7608 -5080 ) (7104 -7608 -271.788025 ) (7104 -7168 -271.788025 ) 
4 117 124 (6712 -7384 -3512 ) (6712 -7384 -5080 ) (6712 -7608 -5080 ) (6712 -7608 -3512 ) 
4 117 123 (6712 -7608 -271.788025 ) (6712 -7384 -271.788025 ) (6712 -7384 -3512 ) (6712 -7608 -3512 ) 
4 117 122 (6712 -7168 -3208 ) (6712 -7168 -5080 ) (6712 -7384 -5080 ) (6712 -7384 -3208 ) 
4 117 120 (6712 -7384 -271.788025 ) (6712 -7168 -271.788025 ) (6712 -7168 -3176 ) (6712 -7384 -3176 ) 
4 117 121 (6712 -7168 -3176 ) (6712 -7168 -3208 ) (6712 -7384 -3208 ) (6712 -7384 -3176 ) 
4 117 119 (6712 -7608 -5080 ) (6712 -7168 -5080 ) (7104 -7168 -5080 ) (7104 -7608 -5080 ) 
4 117 118 (7104 -7608 -3512 ) (7104 -7608 -271.788025 ) (6712 -7608 -271.788025 ) (6712 -7608 -3512 ) 
4 118 133 (7104 -8192 -271.788025 ) (6712 -8192 -271.788025 ) (6712 -8192 -3512 ) (7104 -8192 -3512 ) 
4 118 123 (6712 -8192 -3512 ) (6712 -8192 -271.788025 ) (6712 -7608 -271.788025 ) (6712 -7608 -3512 ) 
4 119 135 (7168 -8192 -5296.209961 ) (7168 -8192 -5080 ) (6712 -8192 -5080 ) (6712 -8192 -5296.209961 ) 
4 119 126 (6712 -8192 -5296.209961 ) (6712 -8192 -5080 ) (6712 -7384 -5080 ) (6712 -7384 -5296.209961 ) 
4 119 122 (6712 -7384 -5080 ) (6712 -7168 -5080 ) (6712 -7168 -5296.209961 ) (6712 -7384 -5296.209961 ) 
4 120 127 (6152 -7168 -271.788025 ) (6152 -7168 -3176 ) (6152 -7384 -3176 ) (6152 -7384 -271.788025 ) 
4 120 123 (6152 -7384 -271.788025 ) (6152 -7384 -3176 ) (6712 -7384 -3176 ) (6712 -7384 -271.788025 ) 
4 120 121 (6712 -7384 -3176 ) (6152 -7384 -3176 ) (6152 -7168 -3176 ) (6712 -7168 -3176 ) 
4 121 127 (6152 -7168 -3176 ) (6152 -7168 -3208 ) (6152 -7384 -3208 ) (6152 -7384 -3176 ) 
4 121 123 (6152 -7384 -3176 ) (6152 -7384 -3208 ) (6712 -7384 -3208 ) (6712 -7384 -3176 ) 
4 121 122 (6712 -7384 -3208 ) (6152 -7384 -3208 ) (6152 -7168 -3208 ) (6712 -7168 -3208 ) 
4 122 128 (6152 -7168 -3512 ) (6152 -7168 -5296.209961 ) (6152 -7384 -5296.209961 ) (6152 -7384 -3512 ) 
4 122 127 (6152 -7168 -3208 ) (6152 -7168 -3512 ) (6152 -7384 -3512 ) (6152 -7384 -3208 ) 
4 122 126 (6152 -7384 -5080 ) (6152 -7384 -5296.209961 ) (6712 -7384 -5296.209961 ) (6712 -7384 -5080 ) 
4 122 125 (6152 -7384 -3512 ) (6152 -7384 -5080 ) (6704 -7384 -5080 ) (6704 -7384 -3512 ) 
4 122 124 (6704 -7384 -5080 ) (6712 -7384 -5080 ) (6712 -7384 -3512 ) (6704 -7384 -3512 ) 
4 122 123 (6152 -7384 -3208 ) (6152 -7384 -3512 ) (6712 -7384 -3512 ) (6712 -7384 -3208 ) 
4 123 133 (6712 -8192 -3512 ) (6712 -8192 -271.788025 ) (6152 -8192 -271.788025 ) (6152 -8192 -3512 ) 
4 123 127 (6152 -8192 -3512 ) (6152 -8192 -271.788025 ) (6152 -7384 -271.788025 ) (6152 -7384 -3512 ) 
4 123 125 (6152 -7609 -3512 ) (6152 -7384 -3512 ) (6704 -7384 -3512 ) (6704 -7609 -3512 ) 
4 123 124 (6704 -7384 -3512 ) (6712 -7384 -3512 ) (6712 -7608 -3512 ) (6704 -7608 -3512 ) 
4 124 126 (6704 -7384 -5080 ) (6712 -7384 -5080 ) (6712 -7608 -5080 ) (6704 -7608 -5080 ) 
4 124 125 (6704 -7384 -5080 ) (6704 -7608 -5080 ) (6704 -7608 -3512 ) (6704 -7384 -3512 ) 
4 125 128 (6152 -7609 -3512 ) (6152 -7384 -3512 ) (6152 -7384 -5080 ) (6152 -7609 -5080 ) 
4 125 126 (6152 -7609 -5080 ) (6152 -7384 -5080 ) (6704 -7384 -5080 ) (6704 -7609 -5080 ) 
4 126 135 (6712 -8192 -5296.209961 ) (6712 -8192 -5080 ) (6152 -8192 -5080 ) (6152 -8192 -5296.209961 ) 
4 126 129 (6152 -8192 -5296.209961 ) (6152 -8192 -5080 ) (6152 -7609 -5080 ) (6152 -7609 -5296.209961 ) 
4 126 128 (6152 -7609 -5080 ) (6152 -7384 -5080 ) (6152 -7384 -5296.209961 ) (6152 -7609 -5296.209961 ) 
4 127 148 (6144 -8192 -3512 ) (6144 -8192 -271.788025 ) (6144 -7609 -271.788025 ) (6144 -7609 -3512 ) 
4 127 147 (6144 -7609 -271.788025 ) (6144 -7168 -271.788025 ) (6144 -7168 -3512 ) (6144 -7609 -3512 ) 
4 127 133 (6144 -8192 -271.788025 ) (6144 -8192 -3512 ) (6152 -8192 -3512 ) (6152 -8192 -271.788025 ) 
4 127 128 (6144 -7168 -3512 ) (6152 -7168 -3512 ) (6152 -7609 -3512 ) (6144 -7609 -3512 ) 
4 128 150 (6144 -7168 -5080 ) (6144 -7168 -5296.209961 ) (6144 -7609 -5296.209961 ) (6144 -7609 -5080 ) 
4 128 147 (6144 -7609 -3512 ) (6144 -7168 -3512 ) (6144 -7168 -5080 ) (6144 -7609 -5080 ) 
4 128 129 (6144 -7609 -5296.209961 ) (6152 -7609 -5296.209961 ) (6152 -7609 -5080 ) (6144 -7609 -5080 ) 
4 129 150 (6144 -8192 -5296.209961 ) (6144 -8192 -5080 ) (6144 -7609 -5080 ) (6144 -7609 -5296.209961 ) 
4 129 135 (6144 -8192 -5080 ) (6144 -8192 -5296.209961 ) (6152 -8192 -5296.209961 ) (6152 -8192 -5080 ) 
4 130 159 (8192 -9216 -3512 ) (8192 -9216 -271.788025 ) (7168 -9216 -271.788025 ) (7168 -9216 -3512 ) 
4 130 133 (7168 -8192 -271.788025 ) (7168 -8192 -3512 ) (7168 -9216 -3512 ) (7168 -9216 -271.788025 ) 
4 130 131 (7464 -9216 -3512 ) (7168 -9216 -3512 ) (7168 -8192 -3512 ) (7464 -8192 -3512 ) 
4 131 160 (7464 -9216 -3512 ) (7168 -9216 -3512 ) (7168 -9216 -5080 ) (7464 -9216 -5080 ) 
4 131 134 (7168 -8192 -3512 ) (7168 -8192 -5080 ) (7168 -9216 -5080 ) (7168 -9216 -3512 ) 
4 131 132 (7168 -8192 -5080 ) (7464 -8192 -5080 ) (7464 -9216 -5080 ) (7168 -9216 -5080 ) 
4 132 161 (8192 -9216 -5296.209961 ) (8192 -9216 -5080 ) (7168 -9216 -5080 ) (7168 -9216 -5296.209961 ) 
4 132 135 (7168 -8192 -5080 ) (7168 -8192 -5296.209961 ) (7168 -9216 -5296.209961 ) (7168 -9216 -5080 ) 
4 133 162 (7168 -9216 -3512 ) (7168 -9216 -271.788025 ) (6144 -9216 -271.788025 ) (6144 -9216 -3512 ) 
4 133 155 (6144 -9216 -3512 ) (6144 -9216 -271.788025 ) (6144 -8192 -271.788025 ) (6144 -8192 -3512 ) 
4 133 134 (7168 -9216 -3512 ) (7104 -9216 -3512 ) (7104 -8192 -3512 ) (7168 -8192 -3512 ) 
4 134 163 (7168 -9216 -5080 ) (7168 -9216 -3512 ) (7104 -9216 -3512 ) (7104 -9216 -5080 ) 
4 134 135 (7104 -8192 -5080 ) (7168 -8192 -5080 ) (7168 -9216 -5080 ) (7104 -9216 -5080 ) 
4 135 164 (7168 -9216 -5296.209961 ) (7168 -9216 -5080 ) (6144 -9216 -5080 ) (6144 -9216 -5296.209961 ) 
4 135 157 (6144 -9216 -5296.209961 ) (6144 -9216 -5080 ) (6144 -8192 -5080 ) (6144 -8192 -5296.209961 ) 
4 136 137 (5920 -6600 -271.788025 ) (5920 -6600 -3176 ) (6144 -6600 -3176 ) (6144 -6600 -271.788025 ) 
4 136 138 (5920 -6600 -3176 ) (5920 -6600 -271.788025 ) (5920 -6144 -271.788025 ) (5920 -6144 -3176 ) 
4 137 147 (6144 -7168 -3512 ) (6144 -7168 -271.788025 ) (5920 -7168 -271.788025 ) (5920 -7168 -3512 ) 
4 137 139 (6144 -7168 -3512 ) (5920 -7168 -3512 ) (5920 -6600 -3512 ) (6144 -6600 -3512 ) 
4 137 138 (5920 -6600 -3512 ) (5920 -7168 -3512 ) (5920 -7168 -271.788025 ) (5920 -6600 -271.788025 ) 
4 138 147 (5920 -7168 -271.788025 ) (5824 -7168 -271.788025 ) (5824 -7168 -3512 ) (5920 -7168 -3512 ) 
4 138 149 (5824 -7168 -271.788025 ) (5120 -7168 -271.788025 ) (5120 -7168 -3512 ) (5824 -7168 -3512 ) 
4 138 146 (5120 -6144 -2896 ) (5120 -6144 -3512 ) (5120 -7168 -3512 ) (5120 -7168 -2896 ) 
4 138 145 (5120 -6368 -2896 ) (5120 -7168 -2896 ) (5120 -7168 -2176 ) (5120 -6368 -2176 ) 
4 138 144 (5120 -7168 -2176 ) (5120 -7168 -271.788025 ) (5120 -6368 -271.788025 ) (5120 -6368 -2176 ) 
4 138 141 (5120 -6144 -2856 ) (5120 -6144 -2896 ) (5120 -6368 -2896 ) (5120 -6368 -2856 ) 
4 138 140 (5120 -6144 -271.788025 ) (5120 -6144 -2856 ) (5120 -6368 -2856 ) (5120 -6368 -271.788025 ) 
4 138 139 (5920 -7168 -3512 ) (5120 -7168 -3512 ) (5120 -6144 -3512 ) (5920 -6144 -3512 ) 
4 139 150 (6144 -7168 -5296.209961 ) (6144 -7168 -5080 ) (5120 -7168 -5080 ) (5120 -7168 -5296.209961 ) 
4 139 147 (6144 -7168 -5080 ) (6144 -7168 -3512 ) (5824 -7168 -3512 ) (5824 -7168 -5080 ) 
4 139 149 (5824 -7168 -3512 ) (5120 -7168 -3512 ) (5120 -7168 -5080 ) (5824 -7168 -5080 ) 
4 139 146 (5120 -6144 -3512 ) (5120 -6144 -5296.209961 ) (5120 -7168 -5296.209961 ) (5120 -7168 -3512 ) 
4 140 264 (4096 -6144 -2176 ) (4096 -6144 -2856 ) (4096 -6368 -2856 ) (4096 -6368 -2176 ) 
4 140 263 (4096 -6144 -271.788025 ) (4096 -6144 -2176 ) (4096 -6368 -2176 ) (4096 -6368 -271.788025 ) 
4 140 145 (4960 -6368 -2856 ) (5120 -6368 -2856 ) (5120 -6368 -2176 ) (4960 -6368 -2176 ) 
4 140 144 (4096 -6368 -271.788025 ) (4096 -6368 -2176 ) (5120 -6368 -2176 ) (5120 -6368 -271.788025 ) 
4 140 141 (5120 -6368 -2856 ) (4960 -6368 -2856 ) (4960 -6144 -2856 ) (5120 -6144 -2856 ) 
4 140 143 (4640 -6368 -2856 ) (4096 -6368 -2856 ) (4096 -6144 -2856 ) (4640 -6144 -2856 ) 
4 141 146 (5120 -6144 -2896 ) (5120 -6368 -2896 ) (4960 -6368 -2896 ) (4960 -6144 -2896 ) 
4 141 145 (4960 -6368 -2896 ) (5120 -6368 -2896 ) (5120 -6368 -2856 ) (4960 -6368 -2856 ) 
4 141 142 (4960 -6144 -2896 ) (4960 -6368 -2896 ) (4960 -6368 -2872 ) (4960 -6144 -2872 ) 
4 142 146 (4960 -6368 -2896 ) (4640 -6368 -2896 ) (4640 -6144 -2896 ) (4960 -6144 -2896 ) 
4 142 143 (4640 -6144 -2896 ) (4640 -6368 -2896 ) (4640 -6368 -2872 ) (4640 -6144 -2872 ) 
4 143 264 (4096 -6144 -2856 ) (4096 -6144 -2896 ) (4096 -6368 -2896 ) (4096 -6368 -2856 ) 
4 143 146 (4640 -6368 -2896 ) (4096 -6368 -2896 ) (4096 -6144 -2896 ) (4640 -6144 -2896 ) 
4 144 263 (4096 -7168 -2176 ) (4096 -7168 -271.788025 ) (4096 -6368 -271.788025 ) (4096 -6368 -2176 ) 
4 144 152 (4960 -7168 -271.788025 ) (4096 -7168 -271.788025 ) (4096 -7168 -2176 ) (4960 -7168 -2176 ) 
4 144 151 (5120 -7168 -2176 ) (5120 -7168 -271.788025 ) (4960 -7168 -271.788025 ) (4960 -7168 -2176 ) 
4 144 145 (4960 -6368 -2176 ) (5120 -6368 -2176 ) (5120 -7168 -2176 ) (4960 -7168 -2176 ) 
4 145 151 (5120 -7168 -2896 ) (5120 -7168 -2176 ) (4960 -7168 -2176 ) (4960 -7168 -2896 ) 
4 145 146 (5120 -6368 -2896 ) (5120 -7168 -2896 ) (4960 -7168 -2896 ) (4960 -6368 -2896 ) 
4 146 267 (4096 -7168 -5296.209961 ) (4096 -7168 -2896 ) (4096 -6144 -2896 ) (4096 -6144 -5296.209961 ) 
4 146 154 (5120 -7168 -5296.209961 ) (5120 -7168 -2896 ) (4096 -7168 -2896 ) (4096 -7168 -5296.209961 ) 
4 147 150 (5824 -7609 -5080 ) (5824 -7168 -5080 ) (6144 -7168 -5080 ) (6144 -7609 -5080 ) 
4 147 148 (5824 -7609 -271.788025 ) (5824 -7609 -3512 ) (6144 -7609 -3512 ) (6144 -7609 -271.788025 ) 
4 147 149 (5824 -7168 -5080 ) (5824 -7609 -5080 ) (5824 -7609 -271.788025 ) (5824 -7168 -271.788025 ) 
4 148 155 (6144 -8192 -3512 ) (6144 -8192 -271.788025 ) (5824 -8192 -271.788025 ) (5824 -8192 -3512 ) 
4 148 149 (5824 -8192 -3512 ) (5824 -8192 -271.788025 ) (5824 -7609 -271.788025 ) (5824 -7609 -3512 ) 
4 149 156 (5824 -8192 -271.788025 ) (5120 -8192 -271.788025 ) (5120 -8192 -5080 ) (5824 -8192 -5080 ) 
4 149 154 (5120 -8192 -5080 ) (5120 -8192 -2896 ) (5120 -7168 -2896 ) (5120 -7168 -5080 ) 
4 149 151 (5120 -8192 -2896 ) (5120 -8192 -271.788025 ) (5120 -7168 -271.788025 ) (5120 -7168 -2896 ) 
4 149 150 (5824 -8192 -5080 ) (5120 -8192 -5080 ) (5120 -7168 -5080 ) (5824 -7168 -5080 ) 
4 150 157 (6144 -8192 -5296.209961 ) (6144 -8192 -5080 ) (5120 -8192 -5080 ) (5120 -8192 -5296.209961 ) 
4 150 154 (5120 -8192 -5296.209961 ) (5120 -8192 -5080 ) (5120 -7168 -5080 ) (5120 -7168 -5296.209961 ) 
4 151 158 (4960 -8192 -2896 ) (5120 -8192 -2896 ) (5120 -8192 -271.788025 ) (4960 -8192 -271.788025 ) 
4 151 154 (4960 -7168 -2896 ) (5120 -7168 -2896 ) (5120 -8192 -2896 ) (4960 -8192 -2896 ) 
4 151 152 (4960 -7448 -2176 ) (4960 -7448 -271.788025 ) (4960 -7168 -271.788025 ) (4960 -7168 -2176 ) 
4 151 153 (4960 -7448 -2896 ) (4960 -8192 -2896 ) (4960 -8192 -271.788025 ) (4960 -7448 -271.788025 ) 
4 152 273 (4096 -7448 -271.788025 ) (4096 -7168 -271.788025 ) (4096 -7168 -2176 ) (4096 -7448 -2176 ) 
4 152 153 (4960 -7448 -2176 ) (4960 -7448 -271.788025 ) (4096 -7448 -271.788025 ) (4096 -7448 -2176 ) 
4 153 274 (4096 -8192 -2896 ) (4096 -8192 -2176 ) (4096 -7448 -2176 ) (4096 -7448 -2896 ) 
4 153 273 (4096 -8192 -2176 ) (4096 -8192 -271.788025 ) (4096 -7448 -271.788025 ) (4096 -7448 -2176 ) 
4 153 158 (4096 -8192 -271.788025 ) (4096 -8192 -2896 ) (4960 -8192 -2896 ) (4960 -8192 -271.788025 ) 
4 153 154 (4960 -7448 -2896 ) (4960 -8192 -2896 ) (4096 -8192 -2896 ) (4096 -7448 -2896 ) 
4 154 278 (4096 -8192 -5296.209961 ) (4096 -8192 -2896 ) (4096 -7168 -2896 ) (4096 -7168 -5296.209961 ) 
4 154 158 (4096 -8192 -2896 ) (4096 -8192 -5296.209961 ) (5120 -8192 -5296.209961 ) (5120 -8192 -2896 ) 
4 155 173 (6144 -9216 -3512 ) (6144 -9216 -271.788025 ) (5824 -9216 -271.788025 ) (5824 -9216 -3512 ) 
4 155 156 (5824 -9216 -3512 ) (5824 -9216 -271.788025 ) (5824 -8192 -271.788025 ) (5824 -8192 -3512 ) 
4 156 174 (5824 -9216 -271.788025 ) (5120 -9216 -271.788025 ) (5120 -9216 -5080 ) (5824 -9216 -5080 ) 
4 156 158 (5120 -8192 -271.788025 ) (5120 -8192 -5080 ) (5120 -9216 -5080 ) (5120 -9216 -271.788025 ) 
4 156 157 (5824 -9216 -5080 ) (5120 -9216 -5080 ) (5120 -8192 -5080 ) (5824 -8192 -5080 ) 
4 157 175 (6144 -9216 -5296.209961 ) (6144 -9216 -5080 ) (5120 -9216 -5080 ) (5120 -9216 -5296.209961 ) 
4 157 158 (5120 -8192 -5080 ) (5120 -8192 -5296.209961 ) (5120 -9216 -5296.209961 ) (5120 -9216 -5080 ) 
4 158 283 (4096 -9216 -5296.209961 ) (4096 -9216 -271.788025 ) (4096 -8192 -271.788025 ) (4096 -8192 -5296.209961 ) 
4 158 176 (5120 -9216 -5296.209961 ) (5120 -9216 -271.788025 ) (4096 -9216 -271.788025 ) (4096 -9216 -5296.209961 ) 
4 159 165 (8192 -10240 -3512 ) (8192 -10240 -271.788025 ) (7168 -10240 -271.788025 ) (7168 -10240 -3512 ) 
4 159 162 (7168 -10240 -3512 ) (7168 -10240 -271.788025 ) (7168 -9216 -271.788025 ) (7168 -9216 -3512 ) 
4 159 160 (7168 -10240 -3512 ) (7168 -9216 -3512 ) (7464 -9216 -3512 ) (7464 -10240 -3512 ) 
4 160 166 (7464 -10240 -3512 ) (7168 -10240 -3512 ) (7168 -10240 -5080 ) (7464 -10240 -5080 ) 
4 160 163 (7168 -10240 -5080 ) (7168 -10240 -3512 ) (7168 -9216 -3512 ) (7168 -9216 -5080 ) 
4 160 161 (7464 -10240 -5080 ) (7168 -10240 -5080 ) (7168 -9216 -5080 ) (7464 -9216 -5080 ) 
4 161 168 (8192 -10240 -5296.209961 ) (8192 -10240 -5080 ) (7168 -10240 -5080 ) (7168 -10240 -5296.209961 ) 
4 161 164 (7168 -10240 -5296.209961 ) (7168 -10240 -5080 ) (7168 -9216 -5080 ) (7168 -9216 -5296.209961 ) 
4 162 173 (6144 -10240 -3512 ) (6144 -10240 -271.788025 ) (6144 -9216 -271.788025 ) (6144 -9216 -3512 ) 
4 162 169 (7168 -10240 -3512 ) (7168 -10240 -271.788025 ) (6144 -10240 -271.788025 ) (6144 -10240 -3512 ) 
4 162 163 (7168 -10240 -3512 ) (7104 -10240 -3512 ) (7104 -9216 -3512 ) (7168 -9216 -3512 ) 
4 163 170 (7168 -10240 -5080 ) (7168 -10240 -3512 ) (7104 -10240 -3512 ) (7104 -10240 -5080 ) 
4 163 164 (7104 -9216 -5080 ) (7168 -9216 -5080 ) (7168 -10240 -5080 ) (7104 -10240 -5080 ) 
4 164 175 (6144 -10240 -5296.209961 ) (6144 -10240 -5080 ) (6144 -9216 -5080 ) (6144 -9216 -5296.209961 ) 
4 164 172 (7168 -10240 -5296.209961 ) (7168 -10240 -5080 ) (6144 -10240 -5080 ) (6144 -10240 -5296.209961 ) 
4 165 181 (8192 -11264 -3512 ) (8192 -11264 -271.788025 ) (7168 -11264 -271.788025 ) (7168 -11264 -3512 ) 
4 165 169 (7168 -10240 -271.788025 ) (7168 -10240 -3512 ) (7168 -11264 -3512 ) (7168 -11264 -271.788025 ) 
4 165 167 (7168 -11264 -3512 ) (7168 -10584 -3512 ) (7704 -10584 -3512 ) (7704 -11264 -3512 ) 
4 165 166 (7168 -10584 -3512 ) (7168 -10240 -3512 ) (7464 -10240 -3512 ) (7464 -10584 -3512 ) 
4 166 170 (7168 -10240 -3512 ) (7168 -10240 -5080 ) (7168 -10584 -5080 ) (7168 -10584 -3512 ) 
4 166 168 (7168 -10584 -5080 ) (7168 -10240 -5080 ) (7464 -10240 -5080 ) (7464 -10584 -5080 ) 
4 166 167 (7168 -10584 -5080 ) (7464 -10584 -5080 ) (7464 -10584 -3512 ) (7168 -10584 -3512 ) 
4 167 182 (7704 -11264 -3512 ) (7168 -11264 -3512 ) (7168 -11264 -5080 ) (7704 -11264 -5080 ) 
4 167 171 (7168 -10584 -5080 ) (7168 -11264 -5080 ) (7168 -11264 -3512 ) (7168 -10584 -3512 ) 
4 167 168 (7704 -11264 -5080 ) (7168 -11264 -5080 ) (7168 -10584 -5080 ) (7704 -10584 -5080 ) 
4 168 183 (8192 -11264 -5296.209961 ) (8192 -11264 -5080 ) (7168 -11264 -5080 ) (7168 -11264 -5296.209961 ) 
4 168 172 (7168 -10240 -5080 ) (7168 -10240 -5296.209961 ) (7168 -11264 -5296.209961 ) (7168 -11264 -5080 ) 
4 169 185 (7168 -11264 -3512 ) (7168 -11264 -271.788025 ) (6144 -11264 -271.788025 ) (6144 -11264 -3512 ) 
4 169 177 (6144 -11264 -3512 ) (6144 -11264 -271.788025 ) (6144 -10240 -271.788025 ) (6144 -10240 -3512 ) 
4 169 171 (7168 -11264 -3512 ) (6864 -11264 -3512 ) (6864 -10584 -3512 ) (7168 -10584 -3512 ) 
4 169 170 (7104 -10240 -3512 ) (7168 -10240 -3512 ) (7168 -10584 -3512 ) (7104 -10584 -3512 ) 
4 170 172 (7168 -10240 -5080 ) (7168 -10584 -5080 ) (7104 -10584 -5080 ) (7104 -10240 -5080 ) 
4 170 171 (7104 -10584 -5080 ) (7168 -10584 -5080 ) (7168 -10584 -3512 ) (7104 -10584 -3512 ) 
4 171 186 (7168 -11264 -5080 ) (7168 -11264 -3512 ) (6864 -11264 -3512 ) (6864 -11264 -5080 ) 
4 171 172 (7168 -10584 -5080 ) (7168 -11264 -5080 ) (6864 -11264 -5080 ) (6864 -10584 -5080 ) 
4 172 187 (7168 -11264 -5296.209961 ) (7168 -11264 -5080 ) (6144 -11264 -5080 ) (6144 -11264 -5296.209961 ) 
4 172 179 (6144 -11264 -5296.209961 ) (6144 -11264 -5080 ) (6144 -10240 -5080 ) (6144 -10240 -5296.209961 ) 
4 173 177 (6144 -10240 -3512 ) (6144 -10240 -271.788025 ) (5824 -10240 -271.788025 ) (5824 -10240 -3512 ) 
4 173 174 (5824 -10240 -3512 ) (5824 -10240 -271.788025 ) (5824 -9216 -271.788025 ) (5824 -9216 -3512 ) 
4 174 178 (5824 -10240 -271.788025 ) (5120 -10240 -271.788025 ) (5120 -10240 -5080 ) (5824 -10240 -5080 ) 
4 174 176 (5120 -10240 -5080 ) (5120 -10240 -271.788025 ) (5120 -9216 -271.788025 ) (5120 -9216 -5080 ) 
4 174 175 (5824 -10240 -5080 ) (5120 -10240 -5080 ) (5120 -9216 -5080 ) (5824 -9216 -5080 ) 
4 175 179 (6144 -10240 -5296.209961 ) (6144 -10240 -5080 ) (5120 -10240 -5080 ) (5120 -10240 -5296.209961 ) 
4 175 176 (5120 -10240 -5296.209961 ) (5120 -10240 -5080 ) (5120 -9216 -5080 ) (5120 -9216 -5296.209961 ) 
4 176 311 (4096 -10240 -5296.209961 ) (4096 -10240 -271.788025 ) (4096 -9216 -271.788025 ) (4096 -9216 -5296.209961 ) 
4 176 180 (4096 -10240 -271.788025 ) (4096 -10240 -5296.209961 ) (5120 -10240 -5296.209961 ) (5120 -10240 -271.788025 ) 
4 177 189 (6144 -11264 -3512 ) (6144 -11264 -271.788025 ) (5824 -11264 -271.788025 ) (5824 -11264 -3512 ) 
4 177 178 (5824 -11264 -3512 ) (5824 -11264 -271.788025 ) (5824 -10240 -271.788025 ) (5824 -10240 -3512 ) 
4 178 191 (5824 -11264 -271.788025 ) (5120 -11264 -271.788025 ) (5120 -11264 -5080 ) (5824 -11264 -5080 ) 
4 178 180 (5120 -10240 -271.788025 ) (5120 -10240 -5080 ) (5120 -11264 -5080 ) (5120 -11264 -271.788025 ) 
4 178 179 (5120 -10240 -5080 ) (5824 -10240 -5080 ) (5824 -11264 -5080 ) (5120 -11264 -5080 ) 
4 179 190 (6144 -11264 -5296.209961 ) (6144 -11264 -5080 ) (5824 -11264 -5080 ) (5824 -11264 -5296.209961 ) 
4 179 191 (5824 -11264 -5080 ) (5120 -11264 -5080 ) (5120 -11264 -5296.209961 ) (5824 -11264 -5296.209961 ) 
4 179 180 (5120 -10240 -5080 ) (5120 -10240 -5296.209961 ) (5120 -11264 -5296.209961 ) (5120 -11264 -5080 ) 
4 180 313 (4096 -11264 -5296.209961 ) (4096 -11264 -271.788025 ) (4096 -10240 -271.788025 ) (4096 -10240 -5296.209961 ) 
4 180 193 (4096 -11264 -271.788025 ) (4096 -11264 -5296.209961 ) (5120 -11264 -5296.209961 ) (5120 -11264 -271.788025 ) 
4 181 185 (7168 -11264 -271.788025 ) (7168 -11264 -3512 ) (7168 -11568 -3512 ) (7168 -11568 -271.788025 ) 
4 181 184 (8192 -11568 -3512 ) (8192 -11568 -271.788025 ) (7168 -11568 -271.788025 ) (7168 -11568 -3512 ) 
4 181 182 (7704 -11568 -3512 ) (7168 -11568 -3512 ) (7168 -11264 -3512 ) (7704 -11264 -3512 ) 
4 182 186 (7168 -11264 -3512 ) (7168 -11264 -5080 ) (7168 -11568 -5080 ) (7168 -11568 -3512 ) 
4 182 184 (7704 -11568 -3512 ) (7168 -11568 -3512 ) (7168 -11568 -5080 ) (7704 -11568 -5080 ) 
4 182 183 (7704 -11568 -5080 ) (7168 -11568 -5080 ) (7168 -11264 -5080 ) (7704 -11264 -5080 ) 
4 183 187 (7168 -11264 -5080 ) (7168 -11264 -5296.209961 ) (7168 -11568 -5296.209961 ) (7168 -11568 -5080 ) 
4 183 184 (7168 -11568 -5296.209961 ) (8192 -11568 -5296.209961 ) (8192 -11568 -5080 ) (7168 -11568 -5080 ) 
4 184 188 (7168 -11568 -5296.209961 ) (7168 -11921.599609 -5296.209961 ) (7168 -11921.599609 -271.788025 ) (7168 -11568 -271.788025 ) 
4 185 189 (6144 -11264 -271.788025 ) (6144 -11264 -3512 ) (6144 -11568 -3512 ) (6144 -11568 -271.788025 ) 
4 185 188 (7168 -11568 -3512 ) (7168 -11568 -271.788025 ) (6144 -11568 -271.788025 ) (6144 -11568 -3512 ) 
4 185 186 (7168 -11568 -3512 ) (6864 -11568 -3512 ) (6864 -11264 -3512 ) (7168 -11264 -3512 ) 
4 186 188 (7168 -11568 -5080 ) (7168 -11568 -3512 ) (6864 -11568 -3512 ) (6864 -11568 -5080 ) 
4 186 187 (7168 -11568 -5080 ) (6864 -11568 -5080 ) (6864 -11264 -5080 ) (7168 -11264 -5080 ) 
4 187 190 (6144 -11264 -5080 ) (6144 -11264 -5296.209961 ) (6144 -11568 -5296.209961 ) (6144 -11568 -5080 ) 
4 187 188 (6144 -11568 -5296.209961 ) (7168 -11568 -5296.209961 ) (7168 -11568 -5080 ) (6144 -11568 -5080 ) 
4 188 192 (6144 -11568 -5296.209961 ) (6144 -11921.599609 -5296.209961 ) (6144 -11921.599609 -271.788025 ) (6144 -11568 -271.788025 ) 
4 189 192 (6144 -11568 -3512 ) (6144 -11568 -271.788025 ) (5824 -11568 -271.788025 ) (5824 -11568 -3512 ) 
4 189 191 (5824 -11568 -3512 ) (5824 -11568 -271.788025 ) (5824 -11264 -271.788025 ) (5824 -11264 -3512 ) 
4 190 192 (5824 -11568 -5296.209961 ) (6144 -11568 -5296.209961 ) (6144 -11568 -5080 ) (5824 -11568 -5080 ) 
4 190 191 (5824 -11264 -5296.209961 ) (5824 -11568 -5296.209961 ) (5824 -11568 -5080 ) (5824 -11264 -5080 ) 
4 191 193 (5120 -11264 -271.788025 ) (5120 -11264 -5296.209961 ) (5120 -11568 -5296.209961 ) (5120 -11568 -271.788025 ) 
4 191 192 (5120 -11568 -5296.209961 ) (5824 -11568 -5296.209961 ) (5824 -11568 -271.788025 ) (5120 -11568 -271.788025 ) 
4 192 193 (5120 -11568 -5296.209961 ) (5120 -11921.599609 -5296.209961 ) (5120 -11921.599609 -271.788025 ) (5120 -11568 -271.788025 ) 
4 193 319 (4096 -11921.599609 -271.788025 ) (4096 -11264 -271.788025 ) (4096 -11264 -5296.209961 ) (4096 -11921.599609 -5296.209961 ) 
4 194 198 (4096 -3072 -5296.209961 ) (4096 -3072 -271.788025 ) (3072 -3072 -271.788025 ) (3072 -3072 -5296.209961 ) 
4 194 195 (3072 -3072 -5296.209961 ) (3072 -3072 -271.788025 ) (3072 -2062.370117 -271.788025 ) (3072 -2062.370117 -5296.209961 ) 
4 195 199 (3072 -3072 -5296.209961 ) (3072 -3072 -271.788025 ) (2048 -3072 -271.788025 ) (2048 -3072 -5296.209961 ) 
4 195 196 (2048 -3072 -5296.209961 ) (2048 -3072 -271.788025 ) (2048 -2062.370117 -271.788025 ) (2048 -2062.370117 -5296.209961 ) 
4 196 219 (2048 -3072 -5296.209961 ) (2048 -3072 -2536 ) (1024 -3072 -2536 ) (1024 -3072 -5296.209961 ) 
4 196 217 (1760 -3072 -271.788025 ) (1024 -3072 -271.788025 ) (1024 -3072 -2536 ) (1760 -3072 -2536 ) 
4 196 216 (2048 -3072 -2536 ) (2048 -3072 -271.788025 ) (1760 -3072 -271.788025 ) (1760 -3072 -2536 ) 
4 196 197 (1024 -3072 -5296.209961 ) (1024 -3072 -271.788025 ) (1024 -2062.370117 -271.788025 ) (1024 -2062.370117 -5296.209961 ) 
4 197 238 (0 -3072 -5296.209961 ) (0 -3072 -271.788025 ) (0 -2062.370117 -271.788025 ) (0 -2062.370117 -5296.209961 ) 
4 197 225 (1024 -3072 -5296.209961 ) (1024 -3072 -2536 ) (0 -3072 -2536 ) (0 -3072 -5296.209961 ) 
4 197 222 (680 -3072 -2296 ) (0 -3072 -2296 ) (0 -3072 -2536 ) (680 -3072 -2536 ) 
4 197 221 (1024 -3072 -2536 ) (1024 -3072 -2296 ) (680 -3072 -2296 ) (680 -3072 -2536 ) 
4 197 220 (1024 -3072 -2296 ) (1024 -3072 -271.788025 ) (0 -3072 -271.788025 ) (0 -3072 -2296 ) 
4 198 203 (4096 -4096 -5296.209961 ) (4096 -4096 -3176 ) (3072 -4096 -3176 ) (3072 -4096 -5296.209961 ) 
4 198 200 (4096 -4096 -3176 ) (4096 -4096 -271.788025 ) (3728 -4096 -271.788025 ) (3728 -4096 -3176 ) 
4 198 202 (3728 -4096 -271.788025 ) (3072 -4096 -271.788025 ) (3072 -4096 -3176 ) (3728 -4096 -3176 ) 
4 198 199 (3072 -3072 -271.788025 ) (3072 -3072 -5296.209961 ) (3072 -4096 -5296.209961 ) (3072 -4096 -271.788025 ) 
4 199 219 (2048 -3072 -2536 ) (2048 -3072 -5296.209961 ) (2048 -4096 -5296.209961 ) (2048 -4096 -2536 ) 
4 199 216 (2048 -3072 -271.788025 ) (2048 -3072 -2536 ) (2048 -4096 -2536 ) (2048 -4096 -271.788025 ) 
4 199 204 (3072 -4096 -5296.209961 ) (3072 -4096 -271.788025 ) (2048 -4096 -271.788025 ) (2048 -4096 -5296.209961 ) 
4 200 203 (3728 -4864 -3176 ) (3728 -4096 -3176 ) (4096 -4096 -3176 ) (4096 -4864 -3176 ) 
4 200 201 (3728 -4864 -271.788025 ) (3728 -4864 -2536 ) (4096 -4864 -2536 ) (4096 -4864 -271.788025 ) 
4 200 202 (3728 -4096 -3176 ) (3728 -4864 -3176 ) (3728 -4864 -271.788025 ) (3728 -4096 -271.788025 ) 
4 201 205 (4096 -5120 -2536 ) (4096 -5120 -271.788025 ) (3728 -5120 -271.788025 ) (3728 -5120 -2536 ) 
4 201 202 (3728 -5120 -2536 ) (3728 -5120 -271.788025 ) (3728 -4864 -271.788025 ) (3728 -4864 -2536 ) 
4 202 206 (3072 -5120 -2536 ) (3072 -5120 -3176 ) (3728 -5120 -3176 ) (3728 -5120 -2536 ) 
4 202 205 (3728 -5120 -271.788025 ) (3072 -5120 -271.788025 ) (3072 -5120 -2536 ) (3728 -5120 -2536 ) 
4 202 204 (3072 -5120 -3176 ) (3072 -5120 -271.788025 ) (3072 -4096 -271.788025 ) (3072 -4096 -3176 ) 
4 202 203 (3728 -5120 -3176 ) (3072 -5120 -3176 ) (3072 -4096 -3176 ) (3728 -4096 -3176 ) 
4 203 207 (4096 -5120 -5296.209961 ) (4096 -5120 -3176 ) (3072 -5120 -3176 ) (3072 -5120 -5296.209961 ) 
4 203 204 (3072 -5120 -5296.209961 ) (3072 -5120 -3176 ) (3072 -4096 -3176 ) (3072 -4096 -5296.209961 ) 
4 204 228 (2048 -5120 -5296.209961 ) (2048 -5120 -2536 ) (2048 -4096 -2536 ) (2048 -4096 -5296.209961 ) 
4 204 226 (2048 -5120 -2536 ) (2048 -5120 -271.788025 ) (2048 -4096 -271.788025 ) (2048 -4096 -2536 ) 
4 204 213 (3040 -5120 -5296.209961 ) (3072 -5120 -5296.209961 ) (3072 -5120 -2536 ) (3040 -5120 -2536 ) 
4 204 215 (2048 -5120 -2536 ) (2048 -5120 -5296.209961 ) (3040 -5120 -5296.209961 ) (3040 -5120 -2536 ) 
4 204 211 (2048 -5120 -271.788025 ) (2048 -5120 -2536 ) (3040 -5120 -2536 ) (3040 -5120 -271.788025 ) 
4 204 210 (3040 -5120 -2536 ) (3072 -5120 -2536 ) (3072 -5120 -271.788025 ) (3040 -5120 -271.788025 ) 
4 205 265 (3680 -6144 -271.788025 ) (3072 -6144 -271.788025 ) (3072 -6144 -2536 ) (3680 -6144 -2536 ) 
4 205 264 (4096 -6144 -2536 ) (4096 -6144 -2176 ) (3680 -6144 -2176 ) (3680 -6144 -2536 ) 
4 205 263 (4096 -6144 -2176 ) (4096 -6144 -271.788025 ) (3680 -6144 -271.788025 ) (3680 -6144 -2176 ) 
4 205 210 (3072 -5120 -271.788025 ) (3072 -5120 -2536 ) (3072 -6144 -2536 ) (3072 -6144 -271.788025 ) 
4 205 208 (4096 -5888 -2536 ) (4096 -6144 -2536 ) (3680 -6144 -2536 ) (3680 -5888 -2536 ) 
4 205 206 (3072 -5120 -2536 ) (3728 -5120 -2536 ) (3728 -5888 -2536 ) (3072 -5888 -2536 ) 
4 206 213 (3072 -5120 -2536 ) (3072 -5120 -3176 ) (3072 -5888 -3176 ) (3072 -5888 -2536 ) 
4 206 209 (3072 -5888 -2872 ) (3072 -5888 -3176 ) (3728 -5888 -3176 ) (3728 -5888 -2872 ) 
4 206 208 (3728 -5888 -2536 ) (3680 -5888 -2536 ) (3680 -5888 -2872 ) (3728 -5888 -2872 ) 
4 206 207 (3728 -5888 -3176 ) (3072 -5888 -3176 ) (3072 -5120 -3176 ) (3728 -5120 -3176 ) 
4 207 213 (3072 -5120 -3176 ) (3072 -5120 -5296.209961 ) (3072 -5888 -5296.209961 ) (3072 -5888 -3176 ) 
4 207 209 (4096 -5888 -5296.209961 ) (4096 -5888 -3176 ) (3072 -5888 -3176 ) (3072 -5888 -5296.209961 ) 
4 208 264 (4096 -6144 -2872 ) (4096 -6144 -2536 ) (3680 -6144 -2536 ) (3680 -6144 -2872 ) 
4 208 209 (3680 -5888 -2872 ) (4096 -5888 -2872 ) (4096 -6144 -2872 ) (3680 -6144 -2872 ) 
4 209 267 (4096 -6144 -5296.209961 ) (4096 -6144 -2896 ) (3072 -6144 -2896 ) (3072 -6144 -5296.209961 ) 
4 209 266 (3680 -6144 -2872 ) (3072 -6144 -2872 ) (3072 -6144 -2896 ) (3680 -6144 -2896 ) 
4 209 264 (4096 -6144 -2896 ) (4096 -6144 -2872 ) (3680 -6144 -2872 ) (3680 -6144 -2896 ) 
4 209 214 (3072 -6144 -5296.209961 ) (3072 -6144 -2872 ) (3072 -5888 -2872 ) (3072 -5888 -5296.209961 ) 
4 210 268 (3072 -6144 -2536 ) (3072 -6144 -271.788025 ) (3040 -6144 -271.788025 ) (3040 -6144 -2536 ) 
4 210 213 (3040 -5120 -2536 ) (3072 -5120 -2536 ) (3072 -5888 -2536 ) (3040 -5888 -2536 ) 
4 210 212 (3040 -6144 -1816 ) (3040 -6144 -271.788025 ) (3040 -5960 -271.788025 ) (3040 -5960 -1816 ) 
4 210 211 (3040 -5120 -2536 ) (3040 -5960 -2536 ) (3040 -5960 -271.788025 ) (3040 -5120 -271.788025 ) 
4 211 233 (2048 -5120 -1816 ) (2048 -5120 -2536 ) (2048 -5960 -2536 ) (2048 -5960 -1816 ) 
4 211 232 (2048 -5960 -271.788025 ) (2048 -5120 -271.788025 ) (2048 -5120 -1816 ) (2048 -5960 -1816 ) 
4 211 215 (2048 -5960 -2536 ) (2048 -5120 -2536 ) (3040 -5120 -2536 ) (3040 -5960 -2536 ) 
4 211 212 (3040 -5960 -1816 ) (3040 -5960 -271.788025 ) (2048 -5960 -271.788025 ) (2048 -5960 -1816 ) 
4 212 269 (3040 -6144 -271.788025 ) (2048 -6144 -271.788025 ) (2048 -6144 -1816 ) (3040 -6144 -1816 ) 
4 212 232 (2048 -6144 -1816 ) (2048 -6144 -271.788025 ) (2048 -5960 -271.788025 ) (2048 -5960 -1816 ) 
4 213 214 (3040 -5888 -2872 ) (3040 -5888 -5296.209961 ) (3072 -5888 -5296.209961 ) (3072 -5888 -2872 ) 
4 213 215 (3040 -5120 -5296.209961 ) (3040 -5888 -5296.209961 ) (3040 -5888 -2536 ) (3040 -5120 -2536 ) 
4 214 272 (3072 -6144 -5296.209961 ) (3072 -6144 -2872 ) (3040 -6144 -2872 ) (3040 -6144 -5296.209961 ) 
4 214 215 (3040 -5888 -5296.209961 ) (3040 -6144 -5296.209961 ) (3040 -6144 -2872 ) (3040 -5888 -2872 ) 
4 215 272 (2048 -6144 -2872 ) (2048 -6144 -5296.209961 ) (3040 -6144 -5296.209961 ) (3040 -6144 -2872 ) 
4 215 271 (3040 -6144 -2536 ) (2048 -6144 -2536 ) (2048 -6144 -2872 ) (3040 -6144 -2872 ) 
4 215 234 (2048 -6144 -5296.209961 ) (2048 -6144 -2536 ) (2048 -5120 -2536 ) (2048 -5120 -5296.209961 ) 
4 216 226 (2048 -4096 -2536 ) (2048 -4096 -271.788025 ) (1760 -4096 -271.788025 ) (1760 -4096 -2536 ) 
4 216 219 (2048 -4096 -2536 ) (1760 -4096 -2536 ) (1760 -3072 -2536 ) (2048 -3072 -2536 ) 
4 216 218 (1760 -4096 -1816 ) (1760 -4096 -271.788025 ) (1760 -3952 -271.788025 ) (1760 -3952 -1816 ) 
4 216 217 (1760 -3072 -2536 ) (1760 -3952 -2536 ) (1760 -3952 -271.788025 ) (1760 -3072 -271.788025 ) 
4 217 221 (1024 -3072 -2296 ) (1024 -3072 -2536 ) (1024 -3952 -2536 ) (1024 -3952 -2296 ) 
4 217 220 (1024 -3072 -271.788025 ) (1024 -3072 -2296 ) (1024 -3952 -2296 ) (1024 -3952 -271.788025 ) 
4 217 219 (1024 -3952 -2536 ) (1024 -3072 -2536 ) (1760 -3072 -2536 ) (1760 -3952 -2536 ) 
4 217 218 (1760 -3952 -1816 ) (1760 -3952 -271.788025 ) (1024 -3952 -271.788025 ) (1024 -3952 -1816 ) 
4 218 227 (1760 -4096 -271.788025 ) (1024 -4096 -271.788025 ) (1024 -4096 -1816 ) (1760 -4096 -1816 ) 
4 218 223 (1024 -4096 -1816 ) (1024 -4096 -271.788025 ) (1024 -3952 -271.788025 ) (1024 -3952 -1816 ) 
4 219 228 (2048 -4096 -5296.209961 ) (2048 -4096 -2536 ) (1024 -4096 -2536 ) (1024 -4096 -5296.209961 ) 
4 219 225 (1024 -3072 -2536 ) (1024 -3072 -5296.209961 ) (1024 -4096 -5296.209961 ) (1024 -4096 -2536 ) 
4 220 241 (0 -3072 -271.788025 ) (0 -3072 -2296 ) (0 -3952 -2296 ) (0 -3952 -271.788025 ) 
4 220 223 (1024 -3952 -1816 ) (1024 -3952 -271.788025 ) (480 -3952 -271.788025 ) (480 -3952 -1816 ) 
4 220 224 (0 -3952 -271.788025 ) (0 -3952 -2296 ) (480 -3952 -2296 ) (480 -3952 -271.788025 ) 
4 220 222 (0 -3632 -2296 ) (0 -3072 -2296 ) (680 -3072 -2296 ) (680 -3632 -2296 ) 
4 220 221 (1024 -3952 -2296 ) (680 -3952 -2296 ) (680 -3072 -2296 ) (1024 -3072 -2296 ) 
4 221 225 (1024 -3072 -2536 ) (1024 -3952 -2536 ) (680 -3952 -2536 ) (680 -3072 -2536 ) 
4 221 222 (680 -3072 -2536 ) (680 -3632 -2536 ) (680 -3632 -2296 ) (680 -3072 -2296 ) 
4 222 242 (0 -3072 -2296 ) (0 -3072 -2536 ) (0 -3632 -2536 ) (0 -3632 -2296 ) 
4 222 225 (0 -3632 -2536 ) (0 -3072 -2536 ) (680 -3072 -2536 ) (680 -3632 -2536 ) 
4 223 229 (1024 -4096 -1816 ) (1024 -4096 -271.788025 ) (480 -4096 -271.788025 ) (480 -4096 -1816 ) 
4 223 224 (480 -4096 -1816 ) (480 -4096 -271.788025 ) (480 -3952 -271.788025 ) (480 -3952 -1816 ) 
4 224 241 (0 -4096 -2296 ) (0 -4096 -271.788025 ) (0 -3952 -271.788025 ) (0 -3952 -2296 ) 
4 224 230 (0 -4096 -1816 ) (0 -4096 -2296 ) (480 -4096 -2296 ) (480 -4096 -1816 ) 
4 224 229 (480 -4096 -271.788025 ) (0 -4096 -271.788025 ) (0 -4096 -1816 ) (480 -4096 -1816 ) 
4 225 245 (0 -4096 -5296.209961 ) (0 -4096 -2536 ) (0 -3072 -2536 ) (0 -3072 -5296.209961 ) 
4 225 231 (1024 -4096 -5296.209961 ) (1024 -4096 -2536 ) (0 -4096 -2536 ) (0 -4096 -5296.209961 ) 
4 226 233 (2048 -5120 -2536 ) (2048 -5120 -1816 ) (1760 -5120 -1816 ) (1760 -5120 -2536 ) 
4 226 232 (2048 -5120 -1816 ) (2048 -5120 -271.788025 ) (1760 -5120 -271.788025 ) (1760 -5120 -1816 ) 
4 226 228 (2048 -5120 -2536 ) (1760 -5120 -2536 ) (1760 -4096 -2536 ) (2048 -4096 -2536 ) 
4 226 227 (1760 -5120 -1816 ) (1760 -5120 -271.788025 ) (1760 -4096 -271.788025 ) (1760 -4096 -1816 ) 
4 227 232 (1760 -5120 -271.788025 ) (1024 -5120 -271.788025 ) (1024 -5120 -1816 ) (1760 -5120 -1816 ) 
4 227 229 (1024 -5120 -1816 ) (1024 -5120 -271.788025 ) (1024 -4096 -271.788025 ) (1024 -4096 -1816 ) 
4 228 234 (2048 -5120 -5296.209961 ) (2048 -5120 -2536 ) (1024 -5120 -2536 ) (1024 -5120 -5296.209961 ) 
4 228 231 (1024 -5120 -5296.209961 ) (1024 -5120 -2536 ) (1024 -4096 -2536 ) (1024 -4096 -5296.209961 ) 
4 229 252 (0 -5120 -1816 ) (0 -5120 -271.788025 ) (0 -4096 -271.788025 ) (0 -4096 -1816 ) 
4 229 235 (0 -5120 -271.788025 ) (0 -5120 -1816 ) (1024 -5120 -1816 ) (1024 -5120 -271.788025 ) 
4 229 230 (0 -4096 -1816 ) (480 -4096 -1816 ) (480 -5120 -1816 ) (0 -5120 -1816 ) 
4 230 252 (0 -5120 -2296 ) (0 -5120 -1816 ) (0 -4096 -1816 ) (0 -4096 -2296 ) 
4 230 236 (0 -5120 -1816 ) (0 -5120 -2296 ) (480 -5120 -2296 ) (480 -5120 -1816 ) 
4 231 254 (0 -5120 -5296.209961 ) (0 -5120 -2536 ) (0 -4096 -2536 ) (0 -4096 -5296.209961 ) 
4 231 237 (0 -5120 -2536 ) (0 -5120 -5296.209961 ) (1024 -5120 -5296.209961 ) (1024 -5120 -2536 ) 
4 232 285 (2048 -6144 -1816 ) (2048 -6144 -271.788025 ) (1024 -6144 -271.788025 ) (1024 -6144 -1816 ) 
4 232 235 (1024 -5120 -271.788025 ) (1024 -5120 -1816 ) (1024 -6144 -1816 ) (1024 -6144 -271.788025 ) 
4 232 233 (1760 -5120 -1816 ) (2048 -5120 -1816 ) (2048 -5960 -1816 ) (1760 -5960 -1816 ) 
4 233 234 (1760 -5960 -2536 ) (1760 -5120 -2536 ) (2048 -5120 -2536 ) (2048 -5960 -2536 ) 
4 234 291 (2048 -6144 -5296.209961 ) (2048 -6144 -2872 ) (1024 -6144 -2872 ) (1024 -6144 -5296.209961 ) 
4 234 289 (1760 -6144 -2536 ) (1024 -6144 -2536 ) (1024 -6144 -2872 ) (1760 -6144 -2872 ) 
4 234 288 (2048 -6144 -2872 ) (2048 -6144 -2536 ) (1760 -6144 -2536 ) (1760 -6144 -2872 ) 
4 234 237 (1024 -5120 -2536 ) (1024 -5120 -5296.209961 ) (1024 -6144 -5296.209961 ) (1024 -6144 -2536 ) 
4 235 292 (1024 -6144 -1816 ) (1024 -6144 -271.788025 ) (0 -6144 -271.788025 ) (0 -6144 -1816 ) 
4 235 256 (0 -6144 -1816 ) (0 -6144 -271.788025 ) (0 -5120 -271.788025 ) (0 -5120 -1816 ) 
4 235 236 (0 -6144 -1816 ) (0 -5120 -1816 ) (480 -5120 -1816 ) (480 -6144 -1816 ) 
4 236 294 (480 -6144 -1816 ) (0 -6144 -1816 ) (0 -6144 -2296 ) (480 -6144 -2296 ) 
4 236 256 (0 -6144 -2296 ) (0 -6144 -1816 ) (0 -5120 -1816 ) (0 -5120 -2296 ) 
4 237 301 (1024 -6144 -5296.209961 ) (1024 -6144 -2872 ) (0 -6144 -2872 ) (0 -6144 -5296.209961 ) 
4 237 298 (1024 -6144 -2872 ) (1024 -6144 -2536 ) (480 -6144 -2536 ) (480 -6144 -2872 ) 
4 237 300 (480 -6144 -2536 ) (0 -6144 -2536 ) (0 -6144 -2872 ) (480 -6144 -2872 ) 
4 237 258 (0 -6144 -5296.209961 ) (0 -6144 -2536 ) (0 -5120 -2536 ) (0 -5120 -5296.209961 ) 
4 238 245 (0 -3072 -5296.209961 ) (0 -3072 -2536 ) (-1024 -3072 -2536 ) (-1024 -3072 -5296.209961 ) 
4 238 242 (0 -3072 -2536 ) (0 -3072 -2296 ) (-280 -3072 -2296 ) (-280 -3072 -2536 ) 
4 238 243 (-280 -3072 -2296 ) (-1024 -3072 -2296 ) (-1024 -3072 -2536 ) (-280 -3072 -2536 ) 
4 238 241 (0 -3072 -2296 ) (0 -3072 -271.788025 ) (-1024 -3072 -271.788025 ) (-1024 -3072 -2296 ) 
4 238 239 (-1024 -3072 -5296.209961 ) (-1024 -3072 -271.788025 ) (-1024 -2062.370117 -271.788025 ) (-1024 -2062.370117 -5296.209961 ) 
4 239 251 (-1024 -3072 -5296.209961 ) (-1024 -3072 -2216 ) (-2048 -3072 -2216 ) (-2048 -3072 -5296.209961 ) 
4 239 247 (-1024 -3072 -2216 ) (-1024 -3072 -1976 ) (-2048 -3072 -1976 ) (-2048 -3072 -2216 ) 
4 239 246 (-1024 -3072 -1976 ) (-1024 -3072 -271.788025 ) (-2048 -3072 -271.788025 ) (-2048 -3072 -1976 ) 
4 239 240 (-2048 -3072 -5296.209961 ) (-2048 -3072 -271.788025 ) (-2048 -2062.370117 -271.788025 ) (-2048 -2062.370117 -5296.209961 ) 
4 240 260 (-2048 -3072 -5296.209961 ) (-2048 -3072 -271.788025 ) (-2156.760254 -3072 -271.788025 ) (-2156.760254 -3072 -5296.209961 ) 
4 241 252 (0 -4096 -2296 ) (0 -4096 -271.788025 ) (-80 -4096 -271.788025 ) (-80 -4096 -2296 ) 
4 241 253 (-80 -4096 -271.788025 ) (-1024 -4096 -271.788025 ) (-1024 -4096 -2296 ) (-80 -4096 -2296 ) 
4 241 251 (-1024 -3072 -2216 ) (-1024 -3072 -2296 ) (-1024 -4096 -2296 ) (-1024 -4096 -2216 ) 
4 241 248 (-1024 -3312 -2216 ) (-1024 -3952 -2216 ) (-1024 -3952 -1976 ) (-1024 -3312 -1976 ) 
4 241 247 (-1024 -3072 -1976 ) (-1024 -3072 -2216 ) (-1024 -3312 -2216 ) (-1024 -3312 -1976 ) 
4 241 250 (-1024 -3952 -2216 ) (-1024 -4096 -2216 ) (-1024 -4096 -1976 ) (-1024 -3952 -1976 ) 
4 241 246 (-1024 -3072 -271.788025 ) (-1024 -3072 -1976 ) (-1024 -4096 -1976 ) (-1024 -4096 -271.788025 ) 
4 241 244 (-1024 -4096 -2296 ) (-1024 -3952 -2296 ) (-80 -3952 -2296 ) (-80 -4096 -2296 ) 
4 241 242 (-280 -3072 -2296 ) (0 -3072 -2296 ) (0 -3632 -2296 ) (-280 -3632 -2296 ) 
4 241 243 (-1024 -3952 -2296 ) (-1024 -3072 -2296 ) (-280 -3072 -2296 ) (-280 -3952 -2296 ) 
4 242 245 (-280 -3072 -2536 ) (0 -3072 -2536 ) (0 -3632 -2536 ) (-280 -3632 -2536 ) 
4 242 243 (-280 -3072 -2536 ) (-280 -3632 -2536 ) (-280 -3632 -2296 ) (-280 -3072 -2296 ) 
4 243 251 (-1024 -3072 -2296 ) (-1024 -3072 -2536 ) (-1024 -3952 -2536 ) (-1024 -3952 -2296 ) 
4 243 245 (-1024 -3952 -2536 ) (-1024 -3072 -2536 ) (-280 -3072 -2536 ) (-280 -3952 -2536 ) 
4 243 244 (-1024 -3952 -2536 ) (-280 -3952 -2536 ) (-280 -3952 -2296 ) (-1024 -3952 -2296 ) 
4 244 253 (-80 -4096 -2296 ) (-1024 -4096 -2296 ) (-1024 -4096 -2536 ) (-80 -4096 -2536 ) 
4 244 251 (-1024 -3952 -2536 ) (-1024 -4096 -2536 ) (-1024 -4096 -2296 ) (-1024 -3952 -2296 ) 
4 244 245 (-80 -4096 -2536 ) (-1024 -4096 -2536 ) (-1024 -3952 -2536 ) (-80 -3952 -2536 ) 
4 245 254 (0 -4096 -5296.209961 ) (0 -4096 -2536 ) (-1024 -4096 -2536 ) (-1024 -4096 -5296.209961 ) 
4 245 251 (-1024 -3072 -2536 ) (-1024 -3072 -5296.209961 ) (-1024 -4096 -5296.209961 ) (-1024 -4096 -2536 ) 
4 246 260 (-2048 -3072 -271.788025 ) (-2048 -3072 -1976 ) (-2048 -4096 -1976 ) (-2048 -4096 -271.788025 ) 
4 246 255 (-1024 -4096 -1976 ) (-1024 -4096 -271.788025 ) (-2048 -4096 -271.788025 ) (-2048 -4096 -1976 ) 
4 246 249 (-2048 -3952 -1976 ) (-2048 -3312 -1976 ) (-1800 -3312 -1976 ) (-1800 -3952 -1976 ) 
4 246 248 (-1240 -3312 -1976 ) (-1024 -3312 -1976 ) (-1024 -3952 -1976 ) (-1240 -3952 -1976 ) 
4 246 247 (-2048 -3312 -1976 ) (-2048 -3072 -1976 ) (-1024 -3072 -1976 ) (-1024 -3312 -1976 ) 
4 246 250 (-1024 -4096 -1976 ) (-2048 -4096 -1976 ) (-2048 -3952 -1976 ) (-1024 -3952 -1976 ) 
4 247 260 (-2048 -3072 -1976 ) (-2048 -3072 -2216 ) (-2048 -3312 -2216 ) (-2048 -3312 -1976 ) 
4 247 251 (-2048 -3072 -2216 ) (-1024 -3072 -2216 ) (-1024 -3312 -2216 ) (-2048 -3312 -2216 ) 
4 247 249 (-2048 -3312 -2216 ) (-1800 -3312 -2216 ) (-1800 -3312 -1976 ) (-2048 -3312 -1976 ) 
4 247 248 (-1240 -3312 -2216 ) (-1024 -3312 -2216 ) (-1024 -3312 -1976 ) (-1240 -3312 -1976 ) 
4 248 251 (-1024 -3312 -2216 ) (-1024 -3952 -2216 ) (-1240 -3952 -2216 ) (-1240 -3312 -2216 ) 
4 248 250 (-1240 -3952 -2216 ) (-1024 -3952 -2216 ) (-1024 -3952 -1976 ) (-1240 -3952 -1976 ) 
4 249 260 (-2048 -3312 -2216 ) (-2048 -3952 -2216 ) (-2048 -3952 -1976 ) (-2048 -3312 -1976 ) 
4 249 251 (-1800 -3952 -2216 ) (-2048 -3952 -2216 ) (-2048 -3312 -2216 ) (-1800 -3312 -2216 ) 
4 249 250 (-2048 -3952 -2216 ) (-1800 -3952 -2216 ) (-1800 -3952 -1976 ) (-2048 -3952 -1976 ) 
4 250 260 (-2048 -3952 -2216 ) (-2048 -4096 -2216 ) (-2048 -4096 -1976 ) (-2048 -3952 -1976 ) 
4 250 255 (-1024 -4096 -2216 ) (-1024 -4096 -1976 ) (-2048 -4096 -1976 ) (-2048 -4096 -2216 ) 
4 250 251 (-1024 -3952 -2216 ) (-1024 -4096 -2216 ) (-2048 -4096 -2216 ) (-2048 -3952 -2216 ) 
4 251 260 (-2048 -3072 -2216 ) (-2048 -3072 -5296.209961 ) (-2048 -4096 -5296.209961 ) (-2048 -4096 -2216 ) 
4 251 255 (-1024 -4096 -5296.209961 ) (-1024 -4096 -2216 ) (-2048 -4096 -2216 ) (-2048 -4096 -5296.209961 ) 
4 252 256 (0 -5120 -2296 ) (0 -5120 -271.788025 ) (-80 -5120 -271.788025 ) (-80 -5120 -2296 ) 
4 252 253 (-80 -5120 -2296 ) (-80 -5120 -271.788025 ) (-80 -4096 -271.788025 ) (-80 -4096 -2296 ) 
4 253 257 (-80 -5120 -271.788025 ) (-1024 -5120 -271.788025 ) (-1024 -5120 -2536 ) (-80 -5120 -2536 ) 
4 253 255 (-1024 -5120 -2536 ) (-1024 -5120 -271.788025 ) (-1024 -4096 -271.788025 ) (-1024 -4096 -2536 ) 
4 253 254 (-80 -5120 -2536 ) (-1024 -5120 -2536 ) (-1024 -4096 -2536 ) (-80 -4096 -2536 ) 
4 254 258 (0 -5120 -5296.209961 ) (0 -5120 -2536 ) (-1024 -5120 -2536 ) (-1024 -5120 -5296.209961 ) 
4 254 255 (-1024 -5120 -5296.209961 ) (-1024 -5120 -2536 ) (-1024 -4096 -2536 ) (-1024 -4096 -5296.209961 ) 
4 255 261 (-2048 -5120 -5296.209961 ) (-2048 -5120 -271.788025 ) (-2048 -4096 -271.788025 ) (-2048 -4096 -5296.209961 ) 
4 255 259 (-2048 -5120 -271.788025 ) (-2048 -5120 -5296.209961 ) (-1024 -5120 -5296.209961 ) (-1024 -5120 -271.788025 ) 
4 256 323 (0 -6144 -2296 ) (0 -6144 -271.788025 ) (-80 -6144 -271.788025 ) (-80 -6144 -2296 ) 
4 256 257 (-80 -6144 -2296 ) (-80 -6144 -271.788025 ) (-80 -5120 -271.788025 ) (-80 -5120 -2296 ) 
4 257 325 (-80 -6144 -271.788025 ) (-1024 -6144 -271.788025 ) (-1024 -6144 -2536 ) (-80 -6144 -2536 ) 
4 257 259 (-1024 -5120 -271.788025 ) (-1024 -5120 -2536 ) (-1024 -6144 -2536 ) (-1024 -6144 -271.788025 ) 
4 257 258 (-80 -6144 -2536 ) (-1024 -6144 -2536 ) (-1024 -5120 -2536 ) (-80 -5120 -2536 ) 
4 258 326 (0 -6144 -5296.209961 ) (0 -6144 -2536 ) (-1024 -6144 -2536 ) (-1024 -6144 -5296.209961 ) 
4 258 259 (-1024 -5120 -2536 ) (-1024 -5120 -5296.209961 ) (-1024 -6144 -5296.209961 ) (-1024 -6144 -2536 ) 
4 259 327 (-1024 -6144 -5296.209961 ) (-1024 -6144 -271.788025 ) (-2048 -6144 -271.788025 ) (-2048 -6144 -5296.209961 ) 
4 259 262 (-2048 -6144 -5296.209961 ) (-2048 -6144 -271.788025 ) (-2048 -5120 -271.788025 ) (-2048 -5120 -5296.209961 ) 
4 260 261 (-2048 -4096 -5296.209961 ) (-2048 -4096 -271.788025 ) (-2156.760254 -4096 -271.788025 ) (-2156.760254 -4096 -5296.209961 ) 
4 261 262 (-2048 -5120 -5296.209961 ) (-2048 -5120 -271.788025 ) (-2156.760254 -5120 -271.788025 ) (-2156.760254 -5120 -5296.209961 ) 
4 262 332 (-2048 -6144 -5296.209961 ) (-2048 -6144 -271.788025 ) (-2156.760254 -6144 -271.788025 ) (-2156.760254 -6144 -5296.209961 ) 
4 263 273 (4096 -7168 -2176 ) (4096 -7168 -271.788025 ) (3680 -7168 -271.788025 ) (3680 -7168 -2176 ) 
4 263 265 (3680 -6144 -271.788025 ) (3680 -6144 -2176 ) (3680 -7168 -2176 ) (3680 -7168 -271.788025 ) 
4 263 264 (3680 -6368 -2176 ) (3680 -6144 -2176 ) (4096 -6144 -2176 ) (4096 -6368 -2176 ) 
4 264 267 (3680 -6368 -2896 ) (3680 -6144 -2896 ) (4096 -6144 -2896 ) (4096 -6368 -2896 ) 
4 264 266 (3680 -6144 -2872 ) (3680 -6144 -2896 ) (3680 -6368 -2896 ) (3680 -6368 -2872 ) 
4 264 265 (3680 -6144 -2176 ) (3680 -6144 -2536 ) (3680 -6368 -2536 ) (3680 -6368 -2176 ) 
4 265 275 (3072 -7168 -271.788025 ) (3072 -7168 -2536 ) (3680 -7168 -2536 ) (3680 -7168 -271.788025 ) 
4 265 268 (3072 -6144 -271.788025 ) (3072 -6144 -2536 ) (3072 -7168 -2536 ) (3072 -7168 -271.788025 ) 
4 266 276 (3072 -7168 -2872 ) (3072 -7168 -2896 ) (3680 -7168 -2896 ) (3680 -7168 -2872 ) 
4 266 272 (3072 -6144 -2872 ) (3072 -6144 -2896 ) (3072 -7168 -2896 ) (3072 -7168 -2872 ) 
4 266 267 (3680 -7168 -2896 ) (3072 -7168 -2896 ) (3072 -6144 -2896 ) (3680 -6144 -2896 ) 
4 267 278 (4096 -7168 -5296.209961 ) (4096 -7168 -2896 ) (3072 -7168 -2896 ) (3072 -7168 -5296.209961 ) 
4 267 272 (3072 -6144 -2896 ) (3072 -6144 -5296.209961 ) (3072 -7168 -5296.209961 ) (3072 -7168 -2896 ) 
4 268 279 (3072 -7168 -2536 ) (3072 -7168 -271.788025 ) (3040 -7168 -271.788025 ) (3040 -7168 -2536 ) 
4 268 269 (3040 -6832 -1816 ) (3040 -6832 -271.788025 ) (3040 -6144 -271.788025 ) (3040 -6144 -1816 ) 
4 268 270 (3040 -6832 -2536 ) (3040 -7168 -2536 ) (3040 -7168 -271.788025 ) (3040 -6832 -271.788025 ) 
4 269 285 (2048 -6144 -271.788025 ) (2048 -6144 -1816 ) (2048 -6832 -1816 ) (2048 -6832 -271.788025 ) 
4 269 270 (3040 -6832 -1816 ) (3040 -6832 -271.788025 ) (2048 -6832 -271.788025 ) (2048 -6832 -1816 ) 
4 270 286 (2048 -6832 -2536 ) (2048 -7168 -2536 ) (2048 -7168 -1816 ) (2048 -6832 -1816 ) 
4 270 285 (2048 -7168 -1816 ) (2048 -7168 -271.788025 ) (2048 -6832 -271.788025 ) (2048 -6832 -1816 ) 
4 270 279 (3040 -7168 -271.788025 ) (2048 -7168 -271.788025 ) (2048 -7168 -2536 ) (3040 -7168 -2536 ) 
4 270 271 (3040 -6832 -2536 ) (3040 -6952 -2536 ) (2048 -6952 -2536 ) (2048 -6832 -2536 ) 
4 271 288 (2048 -6144 -2536 ) (2048 -6144 -2872 ) (2048 -6952 -2872 ) (2048 -6952 -2536 ) 
4 271 272 (2048 -6952 -2872 ) (2048 -6144 -2872 ) (3040 -6144 -2872 ) (3040 -6952 -2872 ) 
4 272 291 (2048 -6144 -2872 ) (2048 -6144 -5296.209961 ) (2048 -7168 -5296.209961 ) (2048 -7168 -2872 ) 
4 272 282 (3072 -7168 -5296.209961 ) (3072 -7168 -2872 ) (2048 -7168 -2872 ) (2048 -7168 -5296.209961 ) 
4 273 283 (4096 -8192 -2176 ) (4096 -8192 -271.788025 ) (3680 -8192 -271.788025 ) (3680 -8192 -2176 ) 
4 273 275 (3680 -8192 -2176 ) (3680 -8192 -271.788025 ) (3680 -7168 -271.788025 ) (3680 -7168 -2176 ) 
4 273 274 (4096 -8192 -2176 ) (3680 -8192 -2176 ) (3680 -7448 -2176 ) (4096 -7448 -2176 ) 
4 274 283 (4096 -8192 -2896 ) (4096 -8192 -2176 ) (3680 -8192 -2176 ) (3680 -8192 -2896 ) 
4 274 278 (4096 -8192 -2896 ) (3680 -8192 -2896 ) (3680 -7448 -2896 ) (4096 -7448 -2896 ) 
4 274 276 (3680 -7448 -2896 ) (3680 -7888 -2896 ) (3680 -7888 -2872 ) (3680 -7448 -2872 ) 
4 274 277 (3680 -7888 -2896 ) (3680 -8192 -2896 ) (3680 -8192 -2536 ) (3680 -7888 -2536 ) 
4 274 275 (3680 -8192 -2536 ) (3680 -8192 -2176 ) (3680 -7448 -2176 ) (3680 -7448 -2536 ) 
4 275 283 (3072 -8192 -271.788025 ) (3072 -8192 -2536 ) (3680 -8192 -2536 ) (3680 -8192 -271.788025 ) 
4 275 279 (3072 -8192 -2536 ) (3072 -8192 -271.788025 ) (3072 -7168 -271.788025 ) (3072 -7168 -2536 ) 
4 275 277 (3680 -7888 -2536 ) (3680 -8192 -2536 ) (3072 -8192 -2536 ) (3072 -7888 -2536 ) 
4 276 282 (3072 -7168 -2872 ) (3072 -7168 -2896 ) (3072 -7888 -2896 ) (3072 -7888 -2872 ) 
4 276 278 (3072 -7888 -2896 ) (3072 -7168 -2896 ) (3680 -7168 -2896 ) (3680 -7888 -2896 ) 
4 276 277 (3072 -7888 -2896 ) (3680 -7888 -2896 ) (3680 -7888 -2872 ) (3072 -7888 -2872 ) 
4 277 283 (3072 -8192 -2536 ) (3072 -8192 -2896 ) (3680 -8192 -2896 ) (3680 -8192 -2536 ) 
4 277 282 (3072 -8192 -2896 ) (3072 -8192 -2872 ) (3072 -7888 -2872 ) (3072 -7888 -2896 ) 
4 277 280 (3072 -8192 -2872 ) (3072 -8192 -2536 ) (3072 -7888 -2536 ) (3072 -7888 -2872 ) 
4 277 278 (3680 -8192 -2896 ) (3072 -8192 -2896 ) (3072 -7888 -2896 ) (3680 -7888 -2896 ) 
4 278 283 (4096 -8192 -5296.209961 ) (4096 -8192 -2896 ) (3072 -8192 -2896 ) (3072 -8192 -5296.209961 ) 
4 278 282 (3072 -8192 -5296.209961 ) (3072 -8192 -2896 ) (3072 -7168 -2896 ) (3072 -7168 -5296.209961 ) 
4 279 302 (2048 -7312 -271.788025 ) (2048 -7168 -271.788025 ) (2048 -7168 -2536 ) (2048 -7312 -2536 ) 
4 279 303 (2048 -8192 -2536 ) (2048 -8192 -271.788025 ) (2048 -7312 -271.788025 ) (2048 -7312 -2536 ) 
4 279 284 (2048 -8192 -271.788025 ) (2048 -8192 -2536 ) (3072 -8192 -2536 ) (3072 -8192 -271.788025 ) 
4 279 281 (3040 -8192 -2536 ) (2048 -8192 -2536 ) (2048 -7312 -2536 ) (3040 -7312 -2536 ) 
4 279 280 (3072 -8192 -2536 ) (3040 -8192 -2536 ) (3040 -7888 -2536 ) (3072 -7888 -2536 ) 
4 280 284 (3040 -8192 -2872 ) (3072 -8192 -2872 ) (3072 -8192 -2536 ) (3040 -8192 -2536 ) 
4 280 282 (3072 -7888 -2872 ) (3072 -8192 -2872 ) (3040 -8192 -2872 ) (3040 -7888 -2872 ) 
4 280 281 (3040 -7888 -2872 ) (3040 -8192 -2872 ) (3040 -8192 -2536 ) (3040 -7888 -2536 ) 
4 281 303 (2048 -8192 -2872 ) (2048 -8192 -2536 ) (2048 -7312 -2536 ) (2048 -7312 -2872 ) 
4 281 284 (2048 -8192 -2536 ) (2048 -8192 -2872 ) (3040 -8192 -2872 ) (3040 -8192 -2536 ) 
4 281 282 (3040 -7312 -2872 ) (3040 -8192 -2872 ) (2048 -8192 -2872 ) (2048 -7312 -2872 ) 
4 282 304 (2048 -8192 -5296.209961 ) (2048 -8192 -2872 ) (2048 -7168 -2872 ) (2048 -7168 -5296.209961 ) 
4 282 284 (2048 -8192 -2872 ) (2048 -8192 -5296.209961 ) (3072 -8192 -5296.209961 ) (3072 -8192 -2872 ) 
4 283 311 (4096 -9216 -5296.209961 ) (4096 -9216 -271.788025 ) (3072 -9216 -271.788025 ) (3072 -9216 -5296.209961 ) 
4 283 284 (3072 -8192 -271.788025 ) (3072 -8192 -5296.209961 ) (3072 -9216 -5296.209961 ) (3072 -9216 -271.788025 ) 
4 284 312 (3072 -9216 -5296.209961 ) (3072 -9216 -271.788025 ) (2048 -9216 -271.788025 ) (2048 -9216 -5296.209961 ) 
4 284 309 (2048 -9216 -5296.209961 ) (2048 -9216 -271.788025 ) (2048 -8192 -271.788025 ) (2048 -8192 -5296.209961 ) 
4 285 302 (2048 -7168 -1816 ) (2048 -7168 -271.788025 ) (1024 -7168 -271.788025 ) (1024 -7168 -1816 ) 
4 285 292 (1024 -6144 -271.788025 ) (1024 -6144 -1816 ) (1024 -7168 -1816 ) (1024 -7168 -271.788025 ) 
4 285 287 (1024 -7168 -1816 ) (1024 -6512 -1816 ) (1760 -6512 -1816 ) (1760 -7168 -1816 ) 
4 285 286 (2048 -6832 -1816 ) (2048 -7168 -1816 ) (1760 -7168 -1816 ) (1760 -6832 -1816 ) 
4 286 302 (2048 -7168 -2536 ) (2048 -7168 -1816 ) (1760 -7168 -1816 ) (1760 -7168 -2536 ) 
4 286 288 (1760 -6952 -2536 ) (1760 -6832 -2536 ) (2048 -6832 -2536 ) (2048 -6952 -2536 ) 
4 286 287 (1760 -6832 -2536 ) (1760 -7168 -2536 ) (1760 -7168 -1816 ) (1760 -6832 -1816 ) 
4 287 302 (1760 -7168 -1816 ) (1024 -7168 -1816 ) (1024 -7168 -2536 ) (1760 -7168 -2536 ) 
4 287 295 (1024 -6512 -2536 ) (1024 -7168 -2536 ) (1024 -7168 -2296 ) (1024 -6512 -2296 ) 
4 287 293 (1024 -7168 -2296 ) (1024 -7168 -1816 ) (1024 -6512 -1816 ) (1024 -6512 -2296 ) 
4 287 290 (1024 -6952 -2536 ) (1024 -6832 -2536 ) (1760 -6832 -2536 ) (1760 -6952 -2536 ) 
4 288 291 (1760 -6144 -2872 ) (2048 -6144 -2872 ) (2048 -6952 -2872 ) (1760 -6952 -2872 ) 
4 288 289 (1760 -6144 -2872 ) (1760 -6512 -2872 ) (1760 -6512 -2536 ) (1760 -6144 -2536 ) 
4 288 290 (1760 -6832 -2872 ) (1760 -6952 -2872 ) (1760 -6952 -2536 ) (1760 -6832 -2536 ) 
4 289 298 (1024 -6144 -2536 ) (1024 -6144 -2872 ) (1024 -6512 -2872 ) (1024 -6512 -2536 ) 
4 289 291 (1024 -6512 -2872 ) (1024 -6144 -2872 ) (1760 -6144 -2872 ) (1760 -6512 -2872 ) 
4 290 299 (1024 -6832 -2872 ) (1024 -6952 -2872 ) (1024 -6952 -2536 ) (1024 -6832 -2536 ) 
4 290 291 (1024 -6952 -2872 ) (1024 -6832 -2872 ) (1760 -6832 -2872 ) (1760 -6952 -2872 ) 
4 291 304 (2048 -7168 -5296.209961 ) (2048 -7168 -2872 ) (1024 -7168 -2872 ) (1024 -7168 -5296.209961 ) 
4 291 301 (1024 -6144 -2872 ) (1024 -6144 -5296.209961 ) (1024 -7168 -5296.209961 ) (1024 -7168 -2872 ) 
4 292 323 (0 -6144 -271.788025 ) (0 -6144 -1816 ) (0 -7056 -1816 ) (0 -7056 -271.788025 ) 
4 292 324 (0 -7056 -1816 ) (0 -7168 -1816 ) (0 -7168 -271.788025 ) (0 -7056 -271.788025 ) 
4 292 305 (1024 -7168 -1816 ) (1024 -7168 -271.788025 ) (480 -7168 -271.788025 ) (480 -7168 -1816 ) 
4 292 307 (480 -7168 -271.788025 ) (0 -7168 -271.788025 ) (0 -7168 -1816 ) (480 -7168 -1816 ) 
4 292 293 (1024 -6512 -1816 ) (1024 -7168 -1816 ) (480 -7168 -1816 ) (480 -6512 -1816 ) 
4 292 294 (0 -6144 -1816 ) (480 -6144 -1816 ) (480 -7168 -1816 ) (0 -7168 -1816 ) 
4 293 305 (1024 -7168 -2296 ) (1024 -7168 -1816 ) (480 -7168 -1816 ) (480 -7168 -2296 ) 
4 293 295 (1024 -7168 -2296 ) (480 -7168 -2296 ) (480 -6512 -2296 ) (1024 -6512 -2296 ) 
4 293 294 (480 -6512 -2296 ) (480 -7168 -2296 ) (480 -7168 -1816 ) (480 -6512 -1816 ) 
4 294 323 (0 -6144 -1816 ) (0 -6144 -2296 ) (0 -7056 -2296 ) (0 -7056 -1816 ) 
4 294 324 (0 -7056 -2296 ) (0 -7168 -2296 ) (0 -7168 -1816 ) (0 -7056 -1816 ) 
4 294 307 (480 -7168 -1816 ) (0 -7168 -1816 ) (0 -7168 -2296 ) (480 -7168 -2296 ) 
4 294 297 (40 -7168 -2296 ) (0 -7168 -2296 ) (0 -7056 -2296 ) (40 -7056 -2296 ) 
4 294 296 (480 -7168 -2296 ) (40 -7168 -2296 ) (40 -6832 -2296 ) (480 -6832 -2296 ) 
4 295 305 (1024 -7168 -2536 ) (1024 -7168 -2296 ) (480 -7168 -2296 ) (480 -7168 -2536 ) 
4 295 299 (1024 -6832 -2536 ) (1024 -6952 -2536 ) (480 -6952 -2536 ) (480 -6832 -2536 ) 
4 295 296 (480 -6832 -2536 ) (480 -7168 -2536 ) (480 -7168 -2296 ) (480 -6832 -2296 ) 
4 296 307 (480 -7168 -2296 ) (40 -7168 -2296 ) (40 -7168 -2536 ) (480 -7168 -2536 ) 
4 296 300 (480 -7168 -2536 ) (40 -7168 -2536 ) (40 -6832 -2536 ) (480 -6832 -2536 ) 
4 296 297 (40 -7056 -2536 ) (40 -7168 -2536 ) (40 -7168 -2296 ) (40 -7056 -2296 ) 
4 297 324 (0 -7056 -2536 ) (0 -7168 -2536 ) (0 -7168 -2296 ) (0 -7056 -2296 ) 
4 297 307 (40 -7168 -2296 ) (0 -7168 -2296 ) (0 -7168 -2536 ) (40 -7168 -2536 ) 
4 297 300 (40 -7168 -2536 ) (0 -7168 -2536 ) (0 -7056 -2536 ) (40 -7056 -2536 ) 
4 298 301 (480 -6512 -2872 ) (480 -6144 -2872 ) (1024 -6144 -2872 ) (1024 -6512 -2872 ) 
4 298 300 (480 -6144 -2872 ) (480 -6512 -2872 ) (480 -6512 -2536 ) (480 -6144 -2536 ) 
4 299 301 (480 -6952 -2872 ) (480 -6832 -2872 ) (1024 -6832 -2872 ) (1024 -6952 -2872 ) 
4 299 300 (480 -6832 -2872 ) (480 -6952 -2872 ) (480 -6952 -2536 ) (480 -6832 -2536 ) 
4 300 326 (0 -6144 -2536 ) (0 -6144 -2872 ) (0 -7168 -2872 ) (0 -7168 -2536 ) 
4 300 307 (480 -7168 -2536 ) (0 -7168 -2536 ) (0 -7168 -2872 ) (480 -7168 -2872 ) 
4 300 301 (480 -7168 -2872 ) (0 -7168 -2872 ) (0 -6144 -2872 ) (480 -6144 -2872 ) 
4 301 326 (0 -6144 -2872 ) (0 -6144 -5296.209961 ) (0 -7168 -5296.209961 ) (0 -7168 -2872 ) 
4 301 308 (1024 -7168 -5296.209961 ) (1024 -7168 -2872 ) (0 -7168 -2872 ) (0 -7168 -5296.209961 ) 
4 302 305 (1024 -7312 -271.788025 ) (1024 -7168 -271.788025 ) (1024 -7168 -2536 ) (1024 -7312 -2536 ) 
4 302 303 (2048 -7312 -2536 ) (2048 -7312 -271.788025 ) (1024 -7312 -271.788025 ) (1024 -7312 -2536 ) 
4 303 309 (2048 -8192 -2872 ) (2048 -8192 -271.788025 ) (1024 -8192 -271.788025 ) (1024 -8192 -2872 ) 
4 303 306 (1024 -8192 -2872 ) (1024 -8192 -271.788025 ) (1024 -7312 -271.788025 ) (1024 -7312 -2872 ) 
4 303 304 (2048 -8192 -2872 ) (1024 -8192 -2872 ) (1024 -7312 -2872 ) (2048 -7312 -2872 ) 
4 304 309 (2048 -8192 -5296.209961 ) (2048 -8192 -2872 ) (1024 -8192 -2872 ) (1024 -8192 -5296.209961 ) 
4 304 308 (1024 -8192 -5296.209961 ) (1024 -8192 -2872 ) (1024 -7168 -2872 ) (1024 -7168 -5296.209961 ) 
4 305 306 (480 -7312 -271.788025 ) (480 -7312 -2536 ) (1024 -7312 -2536 ) (1024 -7312 -271.788025 ) 
4 305 307 (480 -7312 -2536 ) (480 -7312 -271.788025 ) (480 -7168 -271.788025 ) (480 -7168 -2536 ) 
4 306 310 (480 -8192 -2872 ) (1024 -8192 -2872 ) (1024 -8192 -271.788025 ) (480 -8192 -271.788025 ) 
4 306 308 (1024 -7312 -2872 ) (1024 -8192 -2872 ) (480 -8192 -2872 ) (480 -7312 -2872 ) 
4 306 307 (480 -7312 -2872 ) (480 -8192 -2872 ) (480 -8192 -271.788025 ) (480 -7312 -271.788025 ) 
4 307 328 (0 -8192 -2872 ) (0 -8192 -271.788025 ) (0 -7168 -271.788025 ) (0 -7168 -2872 ) 
4 307 310 (0 -8192 -271.788025 ) (0 -8192 -2872 ) (480 -8192 -2872 ) (480 -8192 -271.788025 ) 
4 307 308 (0 -7168 -2872 ) (480 -7168 -2872 ) (480 -8192 -2872 ) (0 -8192 -2872 ) 
4 308 328 (0 -8192 -5296.209961 ) (0 -8192 -2872 ) (0 -7168 -2872 ) (0 -7168 -5296.209961 ) 
4 308 310 (0 -8192 -2872 ) (0 -8192 -5296.209961 ) (1024 -8192 -5296.209961 ) (1024 -8192 -2872 ) 
4 309 315 (2048 -9216 -5296.209961 ) (2048 -9216 -271.788025 ) (1024 -9216 -271.788025 ) (1024 -9216 -5296.209961 ) 
4 309 310 (1024 -8192 -271.788025 ) (1024 -8192 -5296.209961 ) (1024 -9216 -5296.209961 ) (1024 -9216 -271.788025 ) 
4 310 330 (0 -9216 -5296.209961 ) (0 -9216 -271.788025 ) (0 -8192 -271.788025 ) (0 -8192 -5296.209961 ) 
4 310 316 (1024 -9216 -5296.209961 ) (1024 -9216 -271.788025 ) (0 -9216 -271.788025 ) (0 -9216 -5296.209961 ) 
4 311 313 (4096 -10240 -5296.209961 ) (4096 -10240 -271.788025 ) (3072 -10240 -271.788025 ) (3072 -10240 -5296.209961 ) 
4 311 312 (3072 -10240 -5296.209961 ) (3072 -10240 -271.788025 ) (3072 -9216 -271.788025 ) (3072 -9216 -5296.209961 ) 
4 312 315 (2048 -10240 -5296.209961 ) (2048 -10240 -271.788025 ) (2048 -9216 -271.788025 ) (2048 -9216 -5296.209961 ) 
4 312 314 (3072 -10240 -5296.209961 ) (3072 -10240 -271.788025 ) (2048 -10240 -271.788025 ) (2048 -10240 -5296.209961 ) 
4 313 319 (4096 -11264 -5296.209961 ) (4096 -11264 -271.788025 ) (3072 -11264 -271.788025 ) (3072 -11264 -5296.209961 ) 
4 313 314 (3072 -10240 -271.788025 ) (3072 -10240 -5296.209961 ) (3072 -11264 -5296.209961 ) (3072 -11264 -271.788025 ) 
4 314 320 (3072 -11264 -5296.209961 ) (3072 -11264 -271.788025 ) (2048 -11264 -271.788025 ) (2048 -11264 -5296.209961 ) 
4 314 317 (2048 -11264 -5296.209961 ) (2048 -11264 -271.788025 ) (2048 -10240 -271.788025 ) (2048 -10240 -5296.209961 ) 
4 315 317 (2048 -10240 -5296.209961 ) (2048 -10240 -271.788025 ) (1024 -10240 -271.788025 ) (1024 -10240 -5296.209961 ) 
4 315 316 (1024 -10240 -5296.209961 ) (1024 -10240 -271.788025 ) (1024 -9216 -271.788025 ) (1024 -9216 -5296.209961 ) 
4 316 335 (0 -10240 -5296.209961 ) (0 -10240 -271.788025 ) (0 -9216 -271.788025 ) (0 -9216 -5296.209961 ) 
4 316 318 (0 -10240 -271.788025 ) (0 -10240 -5296.209961 ) (1024 -10240 -5296.209961 ) (1024 -10240 -271.788025 ) 
4 317 321 (2048 -11264 -5296.209961 ) (2048 -11264 -271.788025 ) (1024 -11264 -271.788025 ) (1024 -11264 -5296.209961 ) 
4 317 318 (1024 -10240 -271.788025 ) (1024 -10240 -5296.209961 ) (1024 -11264 -5296.209961 ) (1024 -11264 -271.788025 ) 
4 318 337 (0 -11264 -5296.209961 ) (0 -11264 -271.788025 ) (0 -10240 -271.788025 ) (0 -10240 -5296.209961 ) 
4 318 322 (0 -11264 -271.788025 ) (0 -11264 -5296.209961 ) (1024 -11264 -5296.209961 ) (1024 -11264 -271.788025 ) 
4 319 320 (3072 -11264 -271.788025 ) (3072 -11264 -5296.209961 ) (3072 -11921.599609 -5296.209961 ) (3072 -11921.599609 -271.788025 ) 
4 320 321 (2048 -11264 -271.788025 ) (2048 -11264 -5296.209961 ) (2048 -11921.599609 -5296.209961 ) (2048 -11921.599609 -271.788025 ) 
4 321 322 (1024 -11264 -271.788025 ) (1024 -11264 -5296.209961 ) (1024 -11921.599609 -5296.209961 ) (1024 -11921.599609 -271.788025 ) 
4 322 341 (0 -11921.599609 -271.788025 ) (0 -11264 -271.788025 ) (0 -11264 -5296.209961 ) (0 -11921.599609 -5296.209961 ) 
4 323 324 (-80 -7056 -271.788025 ) (-80 -7056 -2296 ) (0 -7056 -2296 ) (0 -7056 -271.788025 ) 
4 323 325 (-80 -7056 -2296 ) (-80 -7056 -271.788025 ) (-80 -6144 -271.788025 ) (-80 -6144 -2296 ) 
4 324 328 (0 -7168 -2536 ) (0 -7168 -271.788025 ) (-80 -7168 -271.788025 ) (-80 -7168 -2536 ) 
4 324 326 (0 -7168 -2536 ) (-80 -7168 -2536 ) (-80 -7056 -2536 ) (0 -7056 -2536 ) 
4 324 325 (-80 -7056 -2536 ) (-80 -7168 -2536 ) (-80 -7168 -271.788025 ) (-80 -7056 -271.788025 ) 
4 325 328 (-80 -7168 -271.788025 ) (-1024 -7168 -271.788025 ) (-1024 -7168 -2536 ) (-80 -7168 -2536 ) 
4 325 327 (-1024 -6144 -271.788025 ) (-1024 -6144 -2536 ) (-1024 -7168 -2536 ) (-1024 -7168 -271.788025 ) 
4 325 326 (-80 -7168 -2536 ) (-1024 -7168 -2536 ) (-1024 -6144 -2536 ) (-80 -6144 -2536 ) 
4 326 328 (0 -7168 -5296.209961 ) (0 -7168 -2536 ) (-1024 -7168 -2536 ) (-1024 -7168 -5296.209961 ) 
4 326 327 (-1024 -6144 -2536 ) (-1024 -6144 -5296.209961 ) (-1024 -7168 -5296.209961 ) (-1024 -7168 -2536 ) 
4 327 332 (-2048 -6144 -271.788025 ) (-2048 -6144 -5296.209961 ) (-2048 -7168 -5296.209961 ) (-2048 -7168 -271.788025 ) 
4 327 329 (-1024 -7168 -5296.209961 ) (-1024 -7168 -271.788025 ) (-2048 -7168 -271.788025 ) (-2048 -7168 -5296.209961 ) 
4 328 330 (0 -8192 -5296.209961 ) (0 -8192 -271.788025 ) (-1024 -8192 -271.788025 ) (-1024 -8192 -5296.209961 ) 
4 328 329 (-1024 -8192 -5296.209961 ) (-1024 -8192 -271.788025 ) (-1024 -7168 -271.788025 ) (-1024 -7168 -5296.209961 ) 
4 329 333 (-2048 -8192 -5296.209961 ) (-2048 -8192 -271.788025 ) (-2048 -7168 -271.788025 ) (-2048 -7168 -5296.209961 ) 
4 329 331 (-2048 -8192 -271.788025 ) (-2048 -8192 -5296.209961 ) (-1024 -8192 -5296.209961 ) (-1024 -8192 -271.788025 ) 
4 330 335 (0 -9216 -5296.209961 ) (0 -9216 -271.788025 ) (-1024 -9216 -271.788025 ) (-1024 -9216 -5296.209961 ) 
4 330 331 (-1024 -8192 -271.788025 ) (-1024 -8192 -5296.209961 ) (-1024 -9216 -5296.209961 ) (-1024 -9216 -271.788025 ) 
4 331 336 (-1024 -9216 -5296.209961 ) (-1024 -9216 -271.788025 ) (-2048 -9216 -271.788025 ) (-2048 -9216 -5296.209961 ) 
4 331 334 (-2048 -9216 -5296.209961 ) (-2048 -9216 -271.788025 ) (-2048 -8192 -271.788025 ) (-2048 -8192 -5296.209961 ) 
4 332 333 (-2048 -7168 -5296.209961 ) (-2048 -7168 -271.788025 ) (-2156.760254 -7168 -271.788025 ) (-2156.760254 -7168 -5296.209961 ) 
4 333 334 (-2048 -8192 -5296.209961 ) (-2048 -8192 -271.788025 ) (-2156.760254 -8192 -271.788025 ) (-2156.760254 -8192 -5296.209961 ) 
4 334 339 (-2048 -9216 -5296.209961 ) (-2048 -9216 -271.788025 ) (-2156.760254 -9216 -271.788025 ) (-2156.760254 -9216 -5296.209961 ) 
4 335 337 (0 -10240 -5296.209961 ) (0 -10240 -271.788025 ) (-1024 -10240 -271.788025 ) (-1024 -10240 -5296.209961 ) 
4 335 336 (-1024 -10240 -5296.209961 ) (-1024 -10240 -271.788025 ) (-1024 -9216 -271.788025 ) (-1024 -9216 -5296.209961 ) 
4 336 339 (-2048 -10240 -5296.209961 ) (-2048 -10240 -271.788025 ) (-2048 -9216 -271.788025 ) (-2048 -9216 -5296.209961 ) 
4 336 338 (-1024 -10240 -5296.209961 ) (-1024 -10240 -271.788025 ) (-2048 -10240 -271.788025 ) (-2048 -10240 -5296.209961 ) 
4 337 341 (0 -11264 -5296.209961 ) (0 -11264 -271.788025 ) (-1024 -11264 -271.788025 ) (-1024 -11264 -5296.209961 ) 
4 337 338 (-1024 -10240 -271.788025 ) (-1024 -10240 -5296.209961 ) (-1024 -11264 -5296.209961 ) (-1024 -11264 -271.788025 ) 
4 338 342 (-1024 -11264 -5296.209961 ) (-1024 -11264 -271.788025 ) (-2048 -11264 -271.788025 ) (-2048 -11264 -5296.209961 ) 
4 338 340 (-2048 -11264 -5296.209961 ) (-2048 -11264 -271.788025 ) (-2048 -10240 -271.788025 ) (-2048 -10240 -5296.209961 ) 
4 339 340 (-2048 -10240 -5296.209961 ) (-2048 -10240 -271.788025 ) (-2156.760254 -10240 -271.788025 ) (-2156.760254 -10240 -5296.209961 ) 
4 340 343 (-2048 -11264 -5296.209961 ) (-2048 -11264 -271.788025 ) (-2156.760254 -11264 -271.788025 ) (-2156.760254 -11264 -5296.209961 ) 
4 341 342 (-1024 -11264 -271.788025 ) (-1024 -11264 -5296.209961 ) (-1024 -11921.599609 -5296.209961 ) (-1024 -11921.599609 -271.788025 ) 
4 342 343 (-2048 -11264 -271.788025 ) (-2048 -11264 -5296.209961 ) (-2048 -11921.599609 -5296.209961 ) (-2048 -11921.599609 -271.788025 ) 
